<?xml version="1.0" encoding="UTF-8"?>
<coverage generated="1540414224677" clover="3.2.0">
  <project timestamp="1540414224677" name="All files">
    <metrics statements="381" coveredstatements="377" conditionals="169" coveredconditionals="161" methods="39" coveredmethods="39" elements="589" coveredelements="577" complexity="0" loc="381" ncloc="381" packages="7" files="16" classes="16">
      <package name="functions.aws">
        <metrics statements="55" coveredstatements="54" conditionals="26" coveredconditionals="24" methods="10" coveredmethods="10"/>
        <file name="getSecret.js" path="/home/tyler/Projects/finance-sls-lambda-node-stripe/functions/aws/getSecret.js">
          <metrics statements="17" coveredstatements="17" conditionals="8" coveredconditionals="8" methods="3" coveredmethods="3"/>
          <line num="1" count="1" type="stmt"/>
          <line num="2" count="1" type="stmt"/>
          <line num="4" count="1" type="stmt"/>
          <line num="6" count="1" type="stmt"/>
          <line num="7" count="3" type="cond" truecount="2" falsecount="0"/>
          <line num="8" count="1" type="stmt"/>
          <line num="11" count="3" type="stmt"/>
          <line num="13" count="3" type="stmt"/>
          <line num="14" count="3" type="stmt"/>
          <line num="15" count="3" type="stmt"/>
          <line num="16" count="3" type="cond" truecount="2" falsecount="0"/>
          <line num="17" count="1" type="stmt"/>
          <line num="18" count="2" type="cond" truecount="4" falsecount="0"/>
          <line num="19" count="1" type="stmt"/>
          <line num="21" count="1" type="stmt"/>
          <line num="26" count="2" type="stmt"/>
          <line num="29" count="1" type="stmt"/>
        </file>
        <file name="testAuth.js" path="/home/tyler/Projects/finance-sls-lambda-node-stripe/functions/aws/testAuth.js">
          <metrics statements="15" coveredstatements="15" conditionals="4" coveredconditionals="4" methods="3" coveredmethods="3"/>
          <line num="1" count="1" type="stmt"/>
          <line num="2" count="1" type="stmt"/>
          <line num="4" count="1" type="stmt"/>
          <line num="6" count="1" type="stmt"/>
          <line num="7" count="2" type="cond" truecount="2" falsecount="0"/>
          <line num="8" count="1" type="stmt"/>
          <line num="11" count="2" type="stmt"/>
          <line num="15" count="2" type="stmt"/>
          <line num="16" count="2" type="stmt"/>
          <line num="17" count="2" type="stmt"/>
          <line num="18" count="2" type="cond" truecount="2" falsecount="0"/>
          <line num="19" count="1" type="stmt"/>
          <line num="21" count="1" type="stmt"/>
          <line num="26" count="1" type="stmt"/>
          <line num="29" count="1" type="stmt"/>
        </file>
        <file name="testUser.js" path="/home/tyler/Projects/finance-sls-lambda-node-stripe/functions/aws/testUser.js">
          <metrics statements="23" coveredstatements="22" conditionals="14" coveredconditionals="12" methods="4" coveredmethods="4"/>
          <line num="1" count="1" type="stmt"/>
          <line num="2" count="1" type="stmt"/>
          <line num="4" count="1" type="stmt"/>
          <line num="6" count="1" type="stmt"/>
          <line num="7" count="5" type="cond" truecount="2" falsecount="0"/>
          <line num="8" count="1" type="stmt"/>
          <line num="11" count="5" type="stmt"/>
          <line num="16" count="5" type="stmt"/>
          <line num="17" count="5" type="stmt"/>
          <line num="18" count="5" type="stmt"/>
          <line num="19" count="5" type="cond" truecount="4" falsecount="0"/>
          <line num="20" count="1" type="stmt"/>
          <line num="21" count="4" type="cond" truecount="2" falsecount="0"/>
          <line num="22" count="1" type="stmt"/>
          <line num="23" count="3" type="cond" truecount="2" falsecount="0"/>
          <line num="24" count="1" type="stmt"/>
          <line num="25" count="1" type="cond" truecount="1" falsecount="1"/>
          <line num="26" count="1" type="cond" truecount="1" falsecount="1"/>
          <line num="27" count="1" type="stmt"/>
          <line num="29" count="0" type="stmt"/>
          <line num="37" count="2" type="stmt"/>
          <line num="45" count="3" type="stmt"/>
          <line num="48" count="2" type="stmt"/>
        </file>
      </package>
      <package name="functions.aws.sns">
        <metrics statements="15" coveredstatements="15" conditionals="4" coveredconditionals="4" methods="3" coveredmethods="3"/>
        <file name="publishSNS.js" path="/home/tyler/Projects/finance-sls-lambda-node-stripe/functions/aws/sns/publishSNS.js">
          <metrics statements="15" coveredstatements="15" conditionals="4" coveredconditionals="4" methods="3" coveredmethods="3"/>
          <line num="1" count="1" type="stmt"/>
          <line num="2" count="1" type="stmt"/>
          <line num="4" count="1" type="stmt"/>
          <line num="6" count="1" type="stmt"/>
          <line num="7" count="2" type="cond" truecount="2" falsecount="0"/>
          <line num="8" count="1" type="stmt"/>
          <line num="11" count="2" type="stmt"/>
          <line num="16" count="2" type="stmt"/>
          <line num="17" count="2" type="stmt"/>
          <line num="18" count="2" type="stmt"/>
          <line num="24" count="2" type="cond" truecount="2" falsecount="0"/>
          <line num="25" count="1" type="stmt"/>
          <line num="27" count="1" type="stmt"/>
          <line num="33" count="1" type="stmt"/>
          <line num="36" count="1" type="stmt"/>
        </file>
      </package>
      <package name="functions.stripe">
        <metrics statements="118" coveredstatements="116" conditionals="40" coveredconditionals="36" methods="22" coveredmethods="22"/>
        <file name="addCustomer.js" path="/home/tyler/Projects/finance-sls-lambda-node-stripe/functions/stripe/addCustomer.js">
          <metrics statements="14" coveredstatements="14" conditionals="2" coveredconditionals="2" methods="3" coveredmethods="3"/>
          <line num="2" count="1" type="stmt"/>
          <line num="3" count="2" type="stmt"/>
          <line num="4" count="2" type="stmt"/>
          <line num="6" count="2" type="stmt"/>
          <line num="11" count="2" type="stmt"/>
          <line num="12" count="2" type="stmt"/>
          <line num="13" count="2" type="stmt"/>
          <line num="14" count="2" type="cond" truecount="2" falsecount="0"/>
          <line num="15" count="1" type="stmt"/>
          <line num="17" count="1" type="stmt"/>
          <line num="22" count="1" type="stmt"/>
          <line num="23" count="1" type="stmt"/>
          <line num="25" count="1" type="stmt"/>
          <line num="28" count="1" type="stmt"/>
        </file>
        <file name="addSubscription.js" path="/home/tyler/Projects/finance-sls-lambda-node-stripe/functions/stripe/addSubscription.js">
          <metrics statements="33" coveredstatements="32" conditionals="22" coveredconditionals="20" methods="3" coveredmethods="3"/>
          <line num="3" count="1" type="stmt"/>
          <line num="4" count="4" type="stmt"/>
          <line num="5" count="4" type="stmt"/>
          <line num="6" count="4" type="stmt"/>
          <line num="10" count="4" type="cond" truecount="1" falsecount="1"/>
          <line num="11" count="4" type="stmt"/>
          <line num="13" count="4" type="stmt"/>
          <line num="14" count="4" type="stmt"/>
          <line num="15" count="4" type="stmt"/>
          <line num="16" count="4" type="stmt"/>
          <line num="18" count="4" type="cond" truecount="4" falsecount="0"/>
          <line num="19" count="1" type="stmt"/>
          <line num="20" count="3" type="cond" truecount="4" falsecount="0"/>
          <line num="21" count="1" type="stmt"/>
          <line num="22" count="2" type="cond" truecount="4" falsecount="0"/>
          <line num="23" count="1" type="stmt"/>
          <line num="24" count="1" type="cond" truecount="3" falsecount="1"/>
          <line num="25" count="1" type="stmt"/>
          <line num="28" count="4" type="stmt"/>
          <line num="30" count="4" type="stmt"/>
          <line num="40" count="0" type="stmt"/>
          <line num="46" count="4" type="cond" truecount="2" falsecount="0"/>
          <line num="47" count="3" type="stmt"/>
          <line num="50" count="4" type="stmt"/>
          <line num="51" count="4" type="stmt"/>
          <line num="52" count="4" type="stmt"/>
          <line num="53" count="4" type="cond" truecount="2" falsecount="0"/>
          <line num="54" count="1" type="stmt"/>
          <line num="56" count="3" type="stmt"/>
          <line num="61" count="3" type="stmt"/>
          <line num="62" count="3" type="stmt"/>
          <line num="64" count="1" type="stmt"/>
          <line num="67" count="3" type="stmt"/>
        </file>
        <file name="deleteCustomer.js" path="/home/tyler/Projects/finance-sls-lambda-node-stripe/functions/stripe/deleteCustomer.js">
          <metrics statements="9" coveredstatements="9" conditionals="2" coveredconditionals="2" methods="3" coveredmethods="3"/>
          <line num="2" count="1" type="stmt"/>
          <line num="3" count="2" type="stmt"/>
          <line num="4" count="2" type="stmt"/>
          <line num="5" count="2" type="stmt"/>
          <line num="6" count="2" type="cond" truecount="2" falsecount="0"/>
          <line num="7" count="1" type="stmt"/>
          <line num="9" count="1" type="stmt"/>
          <line num="14" count="1" type="stmt"/>
          <line num="17" count="1" type="stmt"/>
        </file>
        <file name="deleteDiscount.js" path="/home/tyler/Projects/finance-sls-lambda-node-stripe/functions/stripe/deleteDiscount.js">
          <metrics statements="9" coveredstatements="9" conditionals="2" coveredconditionals="2" methods="3" coveredmethods="3"/>
          <line num="2" count="1" type="stmt"/>
          <line num="3" count="2" type="stmt"/>
          <line num="4" count="2" type="stmt"/>
          <line num="5" count="2" type="stmt"/>
          <line num="6" count="2" type="cond" truecount="2" falsecount="0"/>
          <line num="7" count="1" type="stmt"/>
          <line num="9" count="1" type="stmt"/>
          <line num="14" count="1" type="stmt"/>
          <line num="17" count="1" type="stmt"/>
        </file>
        <file name="deleteSource.js" path="/home/tyler/Projects/finance-sls-lambda-node-stripe/functions/stripe/deleteSource.js">
          <metrics statements="9" coveredstatements="9" conditionals="2" coveredconditionals="2" methods="3" coveredmethods="3"/>
          <line num="2" count="1" type="stmt"/>
          <line num="3" count="2" type="stmt"/>
          <line num="4" count="2" type="stmt"/>
          <line num="5" count="2" type="stmt"/>
          <line num="6" count="2" type="cond" truecount="2" falsecount="0"/>
          <line num="7" count="1" type="stmt"/>
          <line num="9" count="1" type="stmt"/>
          <line num="14" count="1" type="stmt"/>
          <line num="17" count="1" type="stmt"/>
        </file>
        <file name="deleteSubscription.js" path="/home/tyler/Projects/finance-sls-lambda-node-stripe/functions/stripe/deleteSubscription.js">
          <metrics statements="9" coveredstatements="9" conditionals="2" coveredconditionals="2" methods="3" coveredmethods="3"/>
          <line num="2" count="1" type="stmt"/>
          <line num="3" count="2" type="stmt"/>
          <line num="4" count="2" type="stmt"/>
          <line num="5" count="2" type="stmt"/>
          <line num="6" count="2" type="cond" truecount="2" falsecount="0"/>
          <line num="7" count="1" type="stmt"/>
          <line num="9" count="1" type="stmt"/>
          <line num="14" count="1" type="stmt"/>
          <line num="17" count="1" type="stmt"/>
        </file>
        <file name="getCustomer.js" path="/home/tyler/Projects/finance-sls-lambda-node-stripe/functions/stripe/getCustomer.js">
          <metrics statements="24" coveredstatements="24" conditionals="4" coveredconditionals="3" methods="3" coveredmethods="3"/>
          <line num="2" count="1" type="stmt"/>
          <line num="3" count="3" type="stmt"/>
          <line num="4" count="3" type="stmt"/>
          <line num="5" count="3" type="stmt"/>
          <line num="6" count="3" type="stmt"/>
          <line num="7" count="3" type="stmt"/>
          <line num="8" count="3" type="stmt"/>
          <line num="9" count="3" type="stmt"/>
          <line num="11" count="3" type="stmt"/>
          <line num="12" count="3" type="stmt"/>
          <line num="13" count="3" type="stmt"/>
          <line num="14" count="3" type="cond" truecount="2" falsecount="0"/>
          <line num="15" count="1" type="stmt"/>
          <line num="17" count="2" type="stmt"/>
          <line num="22" count="2" type="stmt"/>
          <line num="23" count="2" type="stmt"/>
          <line num="24" count="2" type="stmt"/>
          <line num="25" count="2" type="stmt"/>
          <line num="26" count="2" type="stmt"/>
          <line num="28" count="2" type="cond" truecount="1" falsecount="1"/>
          <line num="29" count="2" type="stmt"/>
          <line num="30" count="2" type="stmt"/>
          <line num="33" count="1" type="stmt"/>
          <line num="36" count="2" type="stmt"/>
        </file>
        <file name="loadStripe.js" path="/home/tyler/Projects/finance-sls-lambda-node-stripe/functions/stripe/loadStripe.js">
          <metrics statements="11" coveredstatements="10" conditionals="4" coveredconditionals="3" methods="1" coveredmethods="1"/>
          <line num="1" count="1" type="stmt"/>
          <line num="5" count="1" type="stmt"/>
          <line num="8" count="1" type="stmt"/>
          <line num="9" count="3" type="stmt"/>
          <line num="10" count="3" type="stmt"/>
          <line num="12" count="1" type="cond" truecount="3" falsecount="1"/>
          <line num="13" count="1" type="stmt"/>
          <line num="15" count="1" type="stmt"/>
          <line num="17" count="0" type="stmt"/>
          <line num="20" count="2" type="stmt"/>
          <line num="23" count="1" type="stmt"/>
        </file>
      </package>
      <package name="handlers.customers.delete">
        <metrics statements="22" coveredstatements="22" conditionals="6" coveredconditionals="6" methods="1" coveredmethods="1"/>
        <file name="handler.js" path="/home/tyler/Projects/finance-sls-lambda-node-stripe/handlers/customers/delete/handler.js">
          <metrics statements="22" coveredstatements="22" conditionals="6" coveredconditionals="6" methods="1" coveredmethods="1"/>
          <line num="1" count="1" type="stmt"/>
          <line num="2" count="1" type="stmt"/>
          <line num="3" count="1" type="stmt"/>
          <line num="5" count="1" type="stmt"/>
          <line num="8" count="1" type="stmt"/>
          <line num="9" count="3" type="stmt"/>
          <line num="11" count="3" type="cond" truecount="2" falsecount="0"/>
          <line num="12" count="2" type="stmt"/>
          <line num="13" count="2" type="stmt"/>
          <line num="15" count="2" type="stmt"/>
          <line num="17" count="1" type="stmt"/>
          <line num="21" count="3" type="stmt"/>
          <line num="23" count="3" type="cond" truecount="2" falsecount="0"/>
          <line num="24" count="2" type="stmt"/>
          <line num="25" count="2" type="stmt"/>
          <line num="27" count="2" type="stmt"/>
          <line num="29" count="1" type="stmt"/>
          <line num="33" count="3" type="stmt"/>
          <line num="35" count="3" type="cond" truecount="2" falsecount="0"/>
          <line num="36" count="2" type="stmt"/>
          <line num="39" count="3" type="stmt"/>
          <line num="46" count="3" type="stmt"/>
        </file>
      </package>
      <package name="handlers.customers.get">
        <metrics statements="32" coveredstatements="32" conditionals="8" coveredconditionals="8" methods="1" coveredmethods="1"/>
        <file name="handler.js" path="/home/tyler/Projects/finance-sls-lambda-node-stripe/handlers/customers/get/handler.js">
          <metrics statements="32" coveredstatements="32" conditionals="8" coveredconditionals="8" methods="1" coveredmethods="1"/>
          <line num="1" count="1" type="stmt"/>
          <line num="2" count="1" type="stmt"/>
          <line num="3" count="1" type="stmt"/>
          <line num="4" count="1" type="stmt"/>
          <line num="6" count="1" type="stmt"/>
          <line num="9" count="1" type="stmt"/>
          <line num="10" count="4" type="stmt"/>
          <line num="12" count="4" type="cond" truecount="2" falsecount="0"/>
          <line num="13" count="2" type="stmt"/>
          <line num="14" count="2" type="stmt"/>
          <line num="16" count="1" type="stmt"/>
          <line num="20" count="4" type="stmt"/>
          <line num="22" count="4" type="cond" truecount="2" falsecount="0"/>
          <line num="23" count="3" type="stmt"/>
          <line num="24" count="3" type="stmt"/>
          <line num="26" count="1" type="stmt"/>
          <line num="30" count="4" type="stmt"/>
          <line num="31" count="4" type="stmt"/>
          <line num="32" count="4" type="stmt"/>
          <line num="33" count="4" type="stmt"/>
          <line num="35" count="4" type="cond" truecount="2" falsecount="0"/>
          <line num="36" count="2" type="stmt"/>
          <line num="37" count="2" type="stmt"/>
          <line num="39" count="2" type="stmt"/>
          <line num="41" count="1" type="stmt"/>
          <line num="43" count="1" type="stmt"/>
          <line num="44" count="1" type="stmt"/>
          <line num="48" count="4" type="stmt"/>
          <line num="50" count="4" type="cond" truecount="2" falsecount="0"/>
          <line num="51" count="3" type="stmt"/>
          <line num="54" count="4" type="stmt"/>
          <line num="63" count="4" type="stmt"/>
        </file>
      </package>
      <package name="handlers.customers.post">
        <metrics statements="61" coveredstatements="61" conditionals="40" coveredconditionals="40" methods="1" coveredmethods="1"/>
        <file name="handler.js" path="/home/tyler/Projects/finance-sls-lambda-node-stripe/handlers/customers/post/handler.js">
          <metrics statements="61" coveredstatements="61" conditionals="40" coveredconditionals="40" methods="1" coveredmethods="1"/>
          <line num="1" count="1" type="stmt"/>
          <line num="2" count="1" type="stmt"/>
          <line num="3" count="1" type="stmt"/>
          <line num="4" count="1" type="stmt"/>
          <line num="5" count="1" type="stmt"/>
          <line num="6" count="1" type="stmt"/>
          <line num="7" count="1" type="stmt"/>
          <line num="9" count="1" type="stmt"/>
          <line num="12" count="1" type="stmt"/>
          <line num="13" count="13" type="stmt"/>
          <line num="15" count="13" type="cond" truecount="2" falsecount="0"/>
          <line num="16" count="2" type="stmt"/>
          <line num="17" count="2" type="stmt"/>
          <line num="19" count="1" type="stmt"/>
          <line num="23" count="13" type="stmt"/>
          <line num="25" count="13" type="cond" truecount="4" falsecount="0"/>
          <line num="26" count="1" type="stmt"/>
          <line num="31" count="13" type="cond" truecount="4" falsecount="0"/>
          <line num="32" count="1" type="stmt"/>
          <line num="37" count="13" type="cond" truecount="4" falsecount="0"/>
          <line num="38" count="1" type="stmt"/>
          <line num="43" count="13" type="cond" truecount="4" falsecount="0"/>
          <line num="44" count="1" type="stmt"/>
          <line num="49" count="13" type="cond" truecount="4" falsecount="0"/>
          <line num="50" count="1" type="stmt"/>
          <line num="55" count="13" type="cond" truecount="4" falsecount="0"/>
          <line num="56" count="1" type="stmt"/>
          <line num="62" count="13" type="stmt"/>
          <line num="63" count="13" type="stmt"/>
          <line num="64" count="13" type="stmt"/>
          <line num="66" count="13" type="cond" truecount="2" falsecount="0"/>
          <line num="67" count="6" type="stmt"/>
          <line num="68" count="6" type="stmt"/>
          <line num="70" count="6" type="stmt"/>
          <line num="72" count="1" type="stmt"/>
          <line num="76" count="13" type="cond" truecount="4" falsecount="0"/>
          <line num="77" count="4" type="stmt"/>
          <line num="78" count="4" type="stmt"/>
          <line num="80" count="4" type="stmt"/>
          <line num="82" count="1" type="stmt"/>
          <line num="86" count="13" type="cond" truecount="2" falsecount="0"/>
          <line num="87" count="4" type="stmt"/>
          <line num="88" count="4" type="stmt"/>
          <line num="90" count="4" type="stmt"/>
          <line num="92" count="3" type="stmt"/>
          <line num="94" count="1" type="stmt"/>
          <line num="98" count="13" type="cond" truecount="2" falsecount="0"/>
          <line num="99" count="3" type="stmt"/>
          <line num="100" count="3" type="stmt"/>
          <line num="102" count="3" type="stmt"/>
          <line num="104" count="1" type="stmt"/>
          <line num="108" count="13" type="cond" truecount="2" falsecount="0"/>
          <line num="109" count="2" type="stmt"/>
          <line num="110" count="2" type="stmt"/>
          <line num="112" count="2" type="stmt"/>
          <line num="114" count="1" type="stmt"/>
          <line num="118" count="13" type="stmt"/>
          <line num="120" count="13" type="cond" truecount="2" falsecount="0"/>
          <line num="121" count="12" type="stmt"/>
          <line num="124" count="13" type="stmt"/>
          <line num="131" count="13" type="stmt"/>
        </file>
      </package>
      <package name="handlers.customers.put">
        <metrics statements="78" coveredstatements="77" conditionals="45" coveredconditionals="43" methods="1" coveredmethods="1"/>
        <file name="handler.js" path="/home/tyler/Projects/finance-sls-lambda-node-stripe/handlers/customers/put/handler.js">
          <metrics statements="78" coveredstatements="77" conditionals="45" coveredconditionals="43" methods="1" coveredmethods="1"/>
          <line num="1" count="1" type="stmt"/>
          <line num="2" count="1" type="stmt"/>
          <line num="3" count="1" type="stmt"/>
          <line num="4" count="1" type="stmt"/>
          <line num="5" count="1" type="stmt"/>
          <line num="6" count="1" type="stmt"/>
          <line num="7" count="1" type="stmt"/>
          <line num="8" count="1" type="stmt"/>
          <line num="9" count="1" type="stmt"/>
          <line num="10" count="1" type="stmt"/>
          <line num="11" count="1" type="stmt"/>
          <line num="13" count="1" type="stmt"/>
          <line num="17" count="1" type="stmt"/>
          <line num="18" count="11" type="stmt"/>
          <line num="20" count="11" type="cond" truecount="2" falsecount="0"/>
          <line num="21" count="2" type="stmt"/>
          <line num="22" count="2" type="stmt"/>
          <line num="24" count="1" type="stmt"/>
          <line num="28" count="11" type="stmt"/>
          <line num="30" count="11" type="cond" truecount="2" falsecount="0"/>
          <line num="31" count="10" type="stmt"/>
          <line num="32" count="10" type="stmt"/>
          <line num="34" count="1" type="stmt"/>
          <line num="38" count="11" type="stmt"/>
          <line num="40" count="11" type="stmt"/>
          <line num="41" count="11" type="stmt"/>
          <line num="42" count="11" type="stmt"/>
          <line num="43" count="11" type="stmt"/>
          <line num="44" count="11" type="stmt"/>
          <line num="46" count="11" type="cond" truecount="4" falsecount="0"/>
          <line num="47" count="7" type="stmt"/>
          <line num="48" count="7" type="stmt"/>
          <line num="50" count="7" type="stmt"/>
          <line num="52" count="1" type="stmt"/>
          <line num="56" count="11" type="cond" truecount="4" falsecount="0"/>
          <line num="57" count="6" type="stmt"/>
          <line num="58" count="6" type="stmt"/>
          <line num="60" count="6" type="stmt"/>
          <line num="62" count="1" type="stmt"/>
          <line num="66" count="11" type="cond" truecount="2" falsecount="0"/>
          <line num="67" count="7" type="stmt"/>
          <line num="68" count="7" type="stmt"/>
          <line num="70" count="7" type="stmt"/>
          <line num="74" count="6" type="stmt"/>
          <line num="86" count="6" type="cond" truecount="4" falsecount="1"/>
          <line num="87" count="0" type="stmt"/>
          <line num="93" count="1" type="stmt"/>
          <line num="97" count="11" type="cond" truecount="5" falsecount="0"/>
          <line num="98" count="5" type="stmt"/>
          <line num="99" count="5" type="stmt"/>
          <line num="101" count="5" type="stmt"/>
          <line num="103" count="1" type="stmt"/>
          <line num="107" count="11" type="cond" truecount="5" falsecount="0"/>
          <line num="108" count="3" type="cond" truecount="2" falsecount="0"/>
          <line num="109" count="2" type="stmt"/>
          <line num="110" count="2" type="stmt"/>
          <line num="112" count="2" type="stmt"/>
          <line num="114" count="1" type="stmt"/>
          <line num="116" count="1" type="cond" truecount="4" falsecount="1"/>
          <line num="117" count="1" type="stmt"/>
          <line num="118" count="1" type="stmt"/>
          <line num="120" count="1" type="stmt"/>
          <line num="122" count="1" type="stmt"/>
          <line num="127" count="11" type="cond" truecount="5" falsecount="0"/>
          <line num="128" count="2" type="stmt"/>
          <line num="129" count="2" type="stmt"/>
          <line num="131" count="2" type="stmt"/>
          <line num="133" count="1" type="stmt"/>
          <line num="136" count="2" type="cond" truecount="2" falsecount="0"/>
          <line num="137" count="1" type="stmt"/>
          <line num="138" count="1" type="stmt"/>
          <line num="140" count="1" type="stmt"/>
          <line num="142" count="1" type="stmt"/>
          <line num="147" count="11" type="stmt"/>
          <line num="149" count="11" type="cond" truecount="2" falsecount="0"/>
          <line num="150" count="10" type="stmt"/>
          <line num="153" count="11" type="stmt"/>
          <line num="160" count="11" type="stmt"/>
        </file>
      </package>
    </metrics>
  </project>
</coverage>
