{"/home/tyler/Projects/finance-sls-lambda-node-stripe/functions/aws/getSecret.js": {"path":"/home/tyler/Projects/finance-sls-lambda-node-stripe/functions/aws/getSecret.js","statementMap":{"0":{"start":{"line":1,"column":12},"end":{"line":1,"column":30}},"1":{"start":{"line":2,"column":18},"end":{"line":2,"column":46}},"2":{"start":{"line":4,"column":21},"end":{"line":4,"column":25}},"3":{"start":{"line":6,"column":0},"end":{"line":30,"column":2}},"4":{"start":{"line":7,"column":2},"end":{"line":9,"column":3}},"5":{"start":{"line":8,"column":4},"end":{"line":8,"column":70}},"6":{"start":{"line":11,"column":14},"end":{"line":11,"column":18}},"7":{"start":{"line":13,"column":2},"end":{"line":27,"column":3}},"8":{"start":{"line":14,"column":4},"end":{"line":24,"column":7}},"9":{"start":{"line":15,"column":6},"end":{"line":23,"column":9}},"10":{"start":{"line":16,"column":8},"end":{"line":22,"column":9}},"11":{"start":{"line":17,"column":10},"end":{"line":17,"column":32}},"12":{"start":{"line":18,"column":15},"end":{"line":22,"column":9}},"13":{"start":{"line":19,"column":10},"end":{"line":19,"column":49}},"14":{"start":{"line":21,"column":10},"end":{"line":21,"column":61}},"15":{"start":{"line":26,"column":4},"end":{"line":26,"column":38}},"16":{"start":{"line":29,"column":2},"end":{"line":29,"column":19}}},"fnMap":{"0":{"name":"(anonymous_0)","decl":{"start":{"line":6,"column":27},"end":{"line":6,"column":28}},"loc":{"start":{"line":6,"column":42},"end":{"line":30,"column":1}},"line":6},"1":{"name":"(anonymous_1)","decl":{"start":{"line":14,"column":30},"end":{"line":14,"column":31}},"loc":{"start":{"line":14,"column":51},"end":{"line":24,"column":5}},"line":14},"2":{"name":"(anonymous_2)","decl":{"start":{"line":15,"column":55},"end":{"line":15,"column":56}},"loc":{"start":{"line":15,"column":80},"end":{"line":23,"column":7}},"line":15}},"branchMap":{"0":{"loc":{"start":{"line":7,"column":2},"end":{"line":9,"column":3}},"type":"if","locations":[{"start":{"line":7,"column":2},"end":{"line":9,"column":3}},{"start":{"line":7,"column":2},"end":{"line":9,"column":3}}],"line":7},"1":{"loc":{"start":{"line":16,"column":8},"end":{"line":22,"column":9}},"type":"if","locations":[{"start":{"line":16,"column":8},"end":{"line":22,"column":9}},{"start":{"line":16,"column":8},"end":{"line":22,"column":9}}],"line":16},"2":{"loc":{"start":{"line":18,"column":15},"end":{"line":22,"column":9}},"type":"if","locations":[{"start":{"line":18,"column":15},"end":{"line":22,"column":9}},{"start":{"line":18,"column":15},"end":{"line":22,"column":9}}],"line":18},"3":{"loc":{"start":{"line":18,"column":19},"end":{"line":18,"column":44}},"type":"binary-expr","locations":[{"start":{"line":18,"column":19},"end":{"line":18,"column":23}},{"start":{"line":18,"column":27},"end":{"line":18,"column":44}}],"line":18}},"s":{"0":1,"1":1,"2":1,"3":1,"4":3,"5":1,"6":3,"7":3,"8":3,"9":3,"10":3,"11":1,"12":2,"13":1,"14":1,"15":2,"16":1},"f":{"0":3,"1":3,"2":3},"b":{"0":[1,2],"1":[1,2],"2":[1,1],"3":[2,2]},"_coverageSchema":"332fd63041d2c1bcb487cc26dd0d5f7d97098a6c","hash":"872bdc9fbca29def1ded1b9ce5e364c9c13412ea"}
,"/home/tyler/Projects/finance-sls-lambda-node-stripe/functions/aws/testAuth.js": {"path":"/home/tyler/Projects/finance-sls-lambda-node-stripe/functions/aws/testAuth.js","statementMap":{"0":{"start":{"line":1,"column":12},"end":{"line":1,"column":30}},"1":{"start":{"line":2,"column":18},"end":{"line":2,"column":46}},"2":{"start":{"line":4,"column":14},"end":{"line":4,"column":18}},"3":{"start":{"line":6,"column":0},"end":{"line":30,"column":2}},"4":{"start":{"line":7,"column":2},"end":{"line":9,"column":3}},"5":{"start":{"line":8,"column":4},"end":{"line":8,"column":72}},"6":{"start":{"line":11,"column":21},"end":{"line":13,"column":3}},"7":{"start":{"line":15,"column":2},"end":{"line":27,"column":3}},"8":{"start":{"line":16,"column":4},"end":{"line":24,"column":7}},"9":{"start":{"line":17,"column":6},"end":{"line":23,"column":9}},"10":{"start":{"line":18,"column":8},"end":{"line":22,"column":9}},"11":{"start":{"line":19,"column":10},"end":{"line":19,"column":32}},"12":{"start":{"line":21,"column":10},"end":{"line":21,"column":28}},"13":{"start":{"line":26,"column":4},"end":{"line":26,"column":38}},"14":{"start":{"line":29,"column":2},"end":{"line":29,"column":14}}},"fnMap":{"0":{"name":"(anonymous_0)","decl":{"start":{"line":6,"column":26},"end":{"line":6,"column":27}},"loc":{"start":{"line":6,"column":49},"end":{"line":30,"column":1}},"line":6},"1":{"name":"(anonymous_1)","decl":{"start":{"line":16,"column":22},"end":{"line":16,"column":23}},"loc":{"start":{"line":16,"column":43},"end":{"line":24,"column":5}},"line":16},"2":{"name":"(anonymous_2)","decl":{"start":{"line":17,"column":34},"end":{"line":17,"column":35}},"loc":{"start":{"line":17,"column":63},"end":{"line":23,"column":7}},"line":17}},"branchMap":{"0":{"loc":{"start":{"line":7,"column":2},"end":{"line":9,"column":3}},"type":"if","locations":[{"start":{"line":7,"column":2},"end":{"line":9,"column":3}},{"start":{"line":7,"column":2},"end":{"line":9,"column":3}}],"line":7},"1":{"loc":{"start":{"line":18,"column":8},"end":{"line":22,"column":9}},"type":"if","locations":[{"start":{"line":18,"column":8},"end":{"line":22,"column":9}},{"start":{"line":18,"column":8},"end":{"line":22,"column":9}}],"line":18}},"s":{"0":1,"1":1,"2":1,"3":1,"4":2,"5":1,"6":2,"7":2,"8":2,"9":2,"10":2,"11":1,"12":1,"13":1,"14":1},"f":{"0":2,"1":2,"2":2},"b":{"0":[1,1],"1":[1,1]},"_coverageSchema":"332fd63041d2c1bcb487cc26dd0d5f7d97098a6c","hash":"f8c303be60e95d963ad1f193e4ba2c42f80d87da"}
,"/home/tyler/Projects/finance-sls-lambda-node-stripe/functions/aws/testUser.js": {"path":"/home/tyler/Projects/finance-sls-lambda-node-stripe/functions/aws/testUser.js","statementMap":{"0":{"start":{"line":1,"column":12},"end":{"line":1,"column":30}},"1":{"start":{"line":2,"column":18},"end":{"line":2,"column":46}},"2":{"start":{"line":4,"column":14},"end":{"line":4,"column":18}},"3":{"start":{"line":6,"column":0},"end":{"line":49,"column":2}},"4":{"start":{"line":7,"column":2},"end":{"line":9,"column":3}},"5":{"start":{"line":8,"column":4},"end":{"line":8,"column":72}},"6":{"start":{"line":11,"column":21},"end":{"line":14,"column":3}},"7":{"start":{"line":16,"column":2},"end":{"line":46,"column":3}},"8":{"start":{"line":17,"column":4},"end":{"line":43,"column":7}},"9":{"start":{"line":18,"column":6},"end":{"line":42,"column":9}},"10":{"start":{"line":19,"column":8},"end":{"line":41,"column":9}},"11":{"start":{"line":20,"column":10},"end":{"line":20,"column":20}},"12":{"start":{"line":21,"column":15},"end":{"line":41,"column":9}},"13":{"start":{"line":22,"column":10},"end":{"line":22,"column":32}},"14":{"start":{"line":23,"column":15},"end":{"line":41,"column":9}},"15":{"start":{"line":24,"column":10},"end":{"line":35,"column":13}},"16":{"start":{"line":25,"column":12},"end":{"line":34,"column":13}},"17":{"start":{"line":26,"column":14},"end":{"line":33,"column":15}},"18":{"start":{"line":27,"column":16},"end":{"line":27,"column":26}},"19":{"start":{"line":29,"column":16},"end":{"line":32,"column":19}},"20":{"start":{"line":37,"column":10},"end":{"line":40,"column":13}},"21":{"start":{"line":45,"column":4},"end":{"line":45,"column":38}},"22":{"start":{"line":48,"column":2},"end":{"line":48,"column":14}}},"fnMap":{"0":{"name":"(anonymous_0)","decl":{"start":{"line":6,"column":26},"end":{"line":6,"column":27}},"loc":{"start":{"line":6,"column":51},"end":{"line":49,"column":1}},"line":6},"1":{"name":"(anonymous_1)","decl":{"start":{"line":17,"column":22},"end":{"line":17,"column":23}},"loc":{"start":{"line":17,"column":43},"end":{"line":43,"column":5}},"line":17},"2":{"name":"(anonymous_2)","decl":{"start":{"line":18,"column":39},"end":{"line":18,"column":40}},"loc":{"start":{"line":18,"column":68},"end":{"line":42,"column":7}},"line":18},"3":{"name":"(anonymous_3)","decl":{"start":{"line":24,"column":42},"end":{"line":24,"column":43}},"loc":{"start":{"line":24,"column":57},"end":{"line":35,"column":11}},"line":24}},"branchMap":{"0":{"loc":{"start":{"line":7,"column":2},"end":{"line":9,"column":3}},"type":"if","locations":[{"start":{"line":7,"column":2},"end":{"line":9,"column":3}},{"start":{"line":7,"column":2},"end":{"line":9,"column":3}}],"line":7},"1":{"loc":{"start":{"line":19,"column":8},"end":{"line":41,"column":9}},"type":"if","locations":[{"start":{"line":19,"column":8},"end":{"line":41,"column":9}},{"start":{"line":19,"column":8},"end":{"line":41,"column":9}}],"line":19},"2":{"loc":{"start":{"line":19,"column":12},"end":{"line":19,"column":75}},"type":"binary-expr","locations":[{"start":{"line":19,"column":12},"end":{"line":19,"column":25}},{"start":{"line":19,"column":29},"end":{"line":19,"column":75}}],"line":19},"3":{"loc":{"start":{"line":21,"column":15},"end":{"line":41,"column":9}},"type":"if","locations":[{"start":{"line":21,"column":15},"end":{"line":41,"column":9}},{"start":{"line":21,"column":15},"end":{"line":41,"column":9}}],"line":21},"4":{"loc":{"start":{"line":23,"column":15},"end":{"line":41,"column":9}},"type":"if","locations":[{"start":{"line":23,"column":15},"end":{"line":41,"column":9}},{"start":{"line":23,"column":15},"end":{"line":41,"column":9}}],"line":23},"5":{"loc":{"start":{"line":25,"column":12},"end":{"line":34,"column":13}},"type":"if","locations":[{"start":{"line":25,"column":12},"end":{"line":34,"column":13}},{"start":{"line":25,"column":12},"end":{"line":34,"column":13}}],"line":25},"6":{"loc":{"start":{"line":26,"column":14},"end":{"line":33,"column":15}},"type":"if","locations":[{"start":{"line":26,"column":14},"end":{"line":33,"column":15}},{"start":{"line":26,"column":14},"end":{"line":33,"column":15}}],"line":26}},"s":{"0":1,"1":1,"2":1,"3":1,"4":5,"5":1,"6":5,"7":5,"8":5,"9":5,"10":5,"11":1,"12":4,"13":1,"14":3,"15":1,"16":1,"17":1,"18":1,"19":0,"20":2,"21":3,"22":2},"f":{"0":5,"1":5,"2":5,"3":1},"b":{"0":[1,4],"1":[1,4],"2":[5,2],"3":[1,3],"4":[1,2],"5":[1,0],"6":[1,0]},"_coverageSchema":"332fd63041d2c1bcb487cc26dd0d5f7d97098a6c","hash":"464d167710d78b628dcc8de0bcc1ba2e953e1173"}
,"/home/tyler/Projects/finance-sls-lambda-node-stripe/functions/aws/sns/publishSNS.js": {"path":"/home/tyler/Projects/finance-sls-lambda-node-stripe/functions/aws/sns/publishSNS.js","statementMap":{"0":{"start":{"line":1,"column":12},"end":{"line":1,"column":30}},"1":{"start":{"line":2,"column":18},"end":{"line":2,"column":47}},"2":{"start":{"line":4,"column":10},"end":{"line":4,"column":14}},"3":{"start":{"line":6,"column":0},"end":{"line":37,"column":2}},"4":{"start":{"line":7,"column":2},"end":{"line":9,"column":3}},"5":{"start":{"line":8,"column":4},"end":{"line":8,"column":24}},"6":{"start":{"line":11,"column":21},"end":{"line":14,"column":3}},"7":{"start":{"line":16,"column":2},"end":{"line":34,"column":3}},"8":{"start":{"line":17,"column":4},"end":{"line":31,"column":7}},"9":{"start":{"line":18,"column":6},"end":{"line":30,"column":8}},"10":{"start":{"line":24,"column":10},"end":{"line":28,"column":11}},"11":{"start":{"line":25,"column":12},"end":{"line":25,"column":34}},"12":{"start":{"line":27,"column":12},"end":{"line":27,"column":22}},"13":{"start":{"line":33,"column":4},"end":{"line":33,"column":38}},"14":{"start":{"line":36,"column":2},"end":{"line":36,"column":14}}},"fnMap":{"0":{"name":"(anonymous_0)","decl":{"start":{"line":6,"column":28},"end":{"line":6,"column":29}},"loc":{"start":{"line":6,"column":59},"end":{"line":37,"column":1}},"line":6},"1":{"name":"(anonymous_1)","decl":{"start":{"line":17,"column":22},"end":{"line":17,"column":23}},"loc":{"start":{"line":17,"column":43},"end":{"line":31,"column":5}},"line":17},"2":{"name":"(anonymous_2)","decl":{"start":{"line":23,"column":8},"end":{"line":23,"column":9}},"loc":{"start":{"line":23,"column":27},"end":{"line":29,"column":9}},"line":23}},"branchMap":{"0":{"loc":{"start":{"line":7,"column":2},"end":{"line":9,"column":3}},"type":"if","locations":[{"start":{"line":7,"column":2},"end":{"line":9,"column":3}},{"start":{"line":7,"column":2},"end":{"line":9,"column":3}}],"line":7},"1":{"loc":{"start":{"line":24,"column":10},"end":{"line":28,"column":11}},"type":"if","locations":[{"start":{"line":24,"column":10},"end":{"line":28,"column":11}},{"start":{"line":24,"column":10},"end":{"line":28,"column":11}}],"line":24}},"s":{"0":1,"1":1,"2":1,"3":1,"4":2,"5":1,"6":2,"7":2,"8":2,"9":2,"10":2,"11":1,"12":1,"13":1,"14":1},"f":{"0":2,"1":2,"2":2},"b":{"0":[1,1],"1":[1,1]},"_coverageSchema":"332fd63041d2c1bcb487cc26dd0d5f7d97098a6c","hash":"0c0dc43068b7c5f1e5e9003b3778e72e709fe1d5"}
,"/home/tyler/Projects/finance-sls-lambda-node-stripe/functions/stripe/addCustomer.js": {"path":"/home/tyler/Projects/finance-sls-lambda-node-stripe/functions/stripe/addCustomer.js","statementMap":{"0":{"start":{"line":2,"column":0},"end":{"line":29,"column":2}},"1":{"start":{"line":3,"column":19},"end":{"line":3,"column":23}},"2":{"start":{"line":4,"column":17},"end":{"line":4,"column":21}},"3":{"start":{"line":6,"column":24},"end":{"line":9,"column":3}},"4":{"start":{"line":11,"column":2},"end":{"line":26,"column":3}},"5":{"start":{"line":12,"column":21},"end":{"line":20,"column":6}},"6":{"start":{"line":13,"column":6},"end":{"line":19,"column":9}},"7":{"start":{"line":14,"column":8},"end":{"line":18,"column":9}},"8":{"start":{"line":15,"column":10},"end":{"line":15,"column":32}},"9":{"start":{"line":17,"column":10},"end":{"line":17,"column":28}},"10":{"start":{"line":22,"column":4},"end":{"line":22,"column":29}},"11":{"start":{"line":23,"column":4},"end":{"line":23,"column":43}},"12":{"start":{"line":25,"column":4},"end":{"line":25,"column":38}},"13":{"start":{"line":28,"column":2},"end":{"line":28,"column":34}}},"fnMap":{"0":{"name":"(anonymous_0)","decl":{"start":{"line":2,"column":29},"end":{"line":2,"column":30}},"loc":{"start":{"line":2,"column":56},"end":{"line":29,"column":1}},"line":2},"1":{"name":"(anonymous_1)","decl":{"start":{"line":12,"column":39},"end":{"line":12,"column":40}},"loc":{"start":{"line":12,"column":60},"end":{"line":20,"column":5}},"line":12},"2":{"name":"(anonymous_2)","decl":{"start":{"line":13,"column":45},"end":{"line":13,"column":46}},"loc":{"start":{"line":13,"column":74},"end":{"line":19,"column":7}},"line":13}},"branchMap":{"0":{"loc":{"start":{"line":14,"column":8},"end":{"line":18,"column":9}},"type":"if","locations":[{"start":{"line":14,"column":8},"end":{"line":18,"column":9}},{"start":{"line":14,"column":8},"end":{"line":18,"column":9}}],"line":14}},"s":{"0":1,"1":2,"2":2,"3":2,"4":2,"5":2,"6":2,"7":2,"8":1,"9":1,"10":1,"11":1,"12":1,"13":1},"f":{"0":2,"1":2,"2":2},"b":{"0":[1,1]},"_coverageSchema":"332fd63041d2c1bcb487cc26dd0d5f7d97098a6c","hash":"3ff38ad65b81fd3ac81c96ef27db0c0222f9a9cc"}
,"/home/tyler/Projects/finance-sls-lambda-node-stripe/functions/stripe/addSubscription.js": {"path":"/home/tyler/Projects/finance-sls-lambda-node-stripe/functions/stripe/addSubscription.js","statementMap":{"0":{"start":{"line":3,"column":0},"end":{"line":68,"column":2}},"1":{"start":{"line":4,"column":23},"end":{"line":4,"column":27}},"2":{"start":{"line":5,"column":27},"end":{"line":5,"column":31}},"3":{"start":{"line":6,"column":22},"end":{"line":6,"column":26}},"4":{"start":{"line":10,"column":2},"end":{"line":44,"column":3}},"5":{"start":{"line":11,"column":24},"end":{"line":11,"column":34}},"6":{"start":{"line":13,"column":18},"end":{"line":13,"column":43}},"7":{"start":{"line":14,"column":17},"end":{"line":14,"column":45}},"8":{"start":{"line":15,"column":19},"end":{"line":15,"column":23}},"9":{"start":{"line":16,"column":19},"end":{"line":16,"column":21}},"10":{"start":{"line":18,"column":4},"end":{"line":26,"column":5}},"11":{"start":{"line":19,"column":6},"end":{"line":19,"column":19}},"12":{"start":{"line":20,"column":11},"end":{"line":26,"column":5}},"13":{"start":{"line":21,"column":6},"end":{"line":21,"column":19}},"14":{"start":{"line":22,"column":11},"end":{"line":26,"column":5}},"15":{"start":{"line":23,"column":6},"end":{"line":23,"column":19}},"16":{"start":{"line":24,"column":11},"end":{"line":26,"column":5}},"17":{"start":{"line":25,"column":6},"end":{"line":25,"column":19}},"18":{"start":{"line":28,"column":35},"end":{"line":28,"column":74}},"19":{"start":{"line":30,"column":4},"end":{"line":38,"column":6}},"20":{"start":{"line":40,"column":4},"end":{"line":43,"column":7}},"21":{"start":{"line":46,"column":2},"end":{"line":48,"column":3}},"22":{"start":{"line":47,"column":4},"end":{"line":47,"column":45}},"23":{"start":{"line":50,"column":2},"end":{"line":65,"column":3}},"24":{"start":{"line":51,"column":25},"end":{"line":59,"column":6}},"25":{"start":{"line":52,"column":6},"end":{"line":58,"column":9}},"26":{"start":{"line":53,"column":8},"end":{"line":57,"column":9}},"27":{"start":{"line":54,"column":10},"end":{"line":54,"column":24}},"28":{"start":{"line":56,"column":10},"end":{"line":56,"column":28}},"29":{"start":{"line":61,"column":4},"end":{"line":61,"column":37}},"30":{"start":{"line":62,"column":4},"end":{"line":62,"column":55}},"31":{"start":{"line":64,"column":4},"end":{"line":64,"column":33}},"32":{"start":{"line":67,"column":2},"end":{"line":67,"column":48}}},"fnMap":{"0":{"name":"(anonymous_0)","decl":{"start":{"line":3,"column":33},"end":{"line":3,"column":34}},"loc":{"start":{"line":3,"column":72},"end":{"line":68,"column":1}},"line":3},"1":{"name":"(anonymous_1)","decl":{"start":{"line":51,"column":43},"end":{"line":51,"column":44}},"loc":{"start":{"line":51,"column":64},"end":{"line":59,"column":5}},"line":51},"2":{"name":"(anonymous_2)","decl":{"start":{"line":52,"column":49},"end":{"line":52,"column":50}},"loc":{"start":{"line":52,"column":70},"end":{"line":58,"column":7}},"line":52}},"branchMap":{"0":{"loc":{"start":{"line":10,"column":2},"end":{"line":44,"column":3}},"type":"if","locations":[{"start":{"line":10,"column":2},"end":{"line":44,"column":3}},{"start":{"line":10,"column":2},"end":{"line":44,"column":3}}],"line":10},"1":{"loc":{"start":{"line":18,"column":4},"end":{"line":26,"column":5}},"type":"if","locations":[{"start":{"line":18,"column":4},"end":{"line":26,"column":5}},{"start":{"line":18,"column":4},"end":{"line":26,"column":5}}],"line":18},"2":{"loc":{"start":{"line":18,"column":8},"end":{"line":18,"column":31}},"type":"binary-expr","locations":[{"start":{"line":18,"column":8},"end":{"line":18,"column":18}},{"start":{"line":18,"column":22},"end":{"line":18,"column":31}}],"line":18},"3":{"loc":{"start":{"line":20,"column":11},"end":{"line":26,"column":5}},"type":"if","locations":[{"start":{"line":20,"column":11},"end":{"line":26,"column":5}},{"start":{"line":20,"column":11},"end":{"line":26,"column":5}}],"line":20},"4":{"loc":{"start":{"line":20,"column":15},"end":{"line":20,"column":38}},"type":"binary-expr","locations":[{"start":{"line":20,"column":15},"end":{"line":20,"column":25}},{"start":{"line":20,"column":29},"end":{"line":20,"column":38}}],"line":20},"5":{"loc":{"start":{"line":22,"column":11},"end":{"line":26,"column":5}},"type":"if","locations":[{"start":{"line":22,"column":11},"end":{"line":26,"column":5}},{"start":{"line":22,"column":11},"end":{"line":26,"column":5}}],"line":22},"6":{"loc":{"start":{"line":22,"column":15},"end":{"line":22,"column":38}},"type":"binary-expr","locations":[{"start":{"line":22,"column":15},"end":{"line":22,"column":25}},{"start":{"line":22,"column":29},"end":{"line":22,"column":38}}],"line":22},"7":{"loc":{"start":{"line":24,"column":11},"end":{"line":26,"column":5}},"type":"if","locations":[{"start":{"line":24,"column":11},"end":{"line":26,"column":5}},{"start":{"line":24,"column":11},"end":{"line":26,"column":5}}],"line":24},"8":{"loc":{"start":{"line":24,"column":15},"end":{"line":24,"column":39}},"type":"binary-expr","locations":[{"start":{"line":24,"column":15},"end":{"line":24,"column":25}},{"start":{"line":24,"column":29},"end":{"line":24,"column":39}}],"line":24},"9":{"loc":{"start":{"line":46,"column":2},"end":{"line":48,"column":3}},"type":"if","locations":[{"start":{"line":46,"column":2},"end":{"line":48,"column":3}},{"start":{"line":46,"column":2},"end":{"line":48,"column":3}}],"line":46},"10":{"loc":{"start":{"line":53,"column":8},"end":{"line":57,"column":9}},"type":"if","locations":[{"start":{"line":53,"column":8},"end":{"line":57,"column":9}},{"start":{"line":53,"column":8},"end":{"line":57,"column":9}}],"line":53}},"s":{"0":1,"1":4,"2":4,"3":4,"4":4,"5":4,"6":4,"7":4,"8":4,"9":4,"10":4,"11":1,"12":3,"13":1,"14":2,"15":1,"16":1,"17":1,"18":4,"19":4,"20":0,"21":4,"22":3,"23":4,"24":4,"25":4,"26":4,"27":1,"28":3,"29":3,"30":3,"31":1,"32":3},"f":{"0":4,"1":4,"2":4},"b":{"0":[4,0],"1":[1,3],"2":[4,4],"3":[1,2],"4":[3,3],"5":[1,1],"6":[2,2],"7":[1,0],"8":[1,1],"9":[3,1],"10":[1,3]},"_coverageSchema":"332fd63041d2c1bcb487cc26dd0d5f7d97098a6c","hash":"bc67027a489ab12c75c89bd1a20b29e53e3ef0f7"}
,"/home/tyler/Projects/finance-sls-lambda-node-stripe/functions/stripe/deleteCustomer.js": {"path":"/home/tyler/Projects/finance-sls-lambda-node-stripe/functions/stripe/deleteCustomer.js","statementMap":{"0":{"start":{"line":2,"column":0},"end":{"line":18,"column":2}},"1":{"start":{"line":3,"column":2},"end":{"line":15,"column":3}},"2":{"start":{"line":4,"column":4},"end":{"line":12,"column":7}},"3":{"start":{"line":5,"column":6},"end":{"line":11,"column":9}},"4":{"start":{"line":6,"column":8},"end":{"line":10,"column":9}},"5":{"start":{"line":7,"column":10},"end":{"line":7,"column":32}},"6":{"start":{"line":9,"column":10},"end":{"line":9,"column":20}},"7":{"start":{"line":14,"column":4},"end":{"line":14,"column":38}},"8":{"start":{"line":17,"column":2},"end":{"line":17,"column":14}}},"fnMap":{"0":{"name":"(anonymous_0)","decl":{"start":{"line":2,"column":32},"end":{"line":2,"column":33}},"loc":{"start":{"line":2,"column":62},"end":{"line":18,"column":1}},"line":2},"1":{"name":"(anonymous_1)","decl":{"start":{"line":4,"column":22},"end":{"line":4,"column":23}},"loc":{"start":{"line":4,"column":43},"end":{"line":12,"column":5}},"line":4},"2":{"name":"(anonymous_2)","decl":{"start":{"line":5,"column":39},"end":{"line":5,"column":40}},"loc":{"start":{"line":5,"column":58},"end":{"line":11,"column":7}},"line":5}},"branchMap":{"0":{"loc":{"start":{"line":6,"column":8},"end":{"line":10,"column":9}},"type":"if","locations":[{"start":{"line":6,"column":8},"end":{"line":10,"column":9}},{"start":{"line":6,"column":8},"end":{"line":10,"column":9}}],"line":6}},"s":{"0":1,"1":2,"2":2,"3":2,"4":2,"5":1,"6":1,"7":1,"8":1},"f":{"0":2,"1":2,"2":2},"b":{"0":[1,1]},"_coverageSchema":"332fd63041d2c1bcb487cc26dd0d5f7d97098a6c","hash":"bf116cdca2d826f9b3356fae9ff2368c7d7cda85"}
,"/home/tyler/Projects/finance-sls-lambda-node-stripe/functions/stripe/deleteDiscount.js": {"path":"/home/tyler/Projects/finance-sls-lambda-node-stripe/functions/stripe/deleteDiscount.js","statementMap":{"0":{"start":{"line":2,"column":0},"end":{"line":18,"column":2}},"1":{"start":{"line":3,"column":2},"end":{"line":15,"column":3}},"2":{"start":{"line":4,"column":4},"end":{"line":12,"column":7}},"3":{"start":{"line":5,"column":6},"end":{"line":11,"column":9}},"4":{"start":{"line":6,"column":8},"end":{"line":10,"column":9}},"5":{"start":{"line":7,"column":10},"end":{"line":7,"column":32}},"6":{"start":{"line":9,"column":10},"end":{"line":9,"column":20}},"7":{"start":{"line":14,"column":4},"end":{"line":14,"column":38}},"8":{"start":{"line":17,"column":2},"end":{"line":17,"column":14}}},"fnMap":{"0":{"name":"(anonymous_0)","decl":{"start":{"line":2,"column":32},"end":{"line":2,"column":33}},"loc":{"start":{"line":2,"column":66},"end":{"line":18,"column":1}},"line":2},"1":{"name":"(anonymous_1)","decl":{"start":{"line":4,"column":22},"end":{"line":4,"column":23}},"loc":{"start":{"line":4,"column":43},"end":{"line":12,"column":5}},"line":4},"2":{"name":"(anonymous_2)","decl":{"start":{"line":5,"column":58},"end":{"line":5,"column":59}},"loc":{"start":{"line":5,"column":77},"end":{"line":11,"column":7}},"line":5}},"branchMap":{"0":{"loc":{"start":{"line":6,"column":8},"end":{"line":10,"column":9}},"type":"if","locations":[{"start":{"line":6,"column":8},"end":{"line":10,"column":9}},{"start":{"line":6,"column":8},"end":{"line":10,"column":9}}],"line":6}},"s":{"0":1,"1":2,"2":2,"3":2,"4":2,"5":1,"6":1,"7":1,"8":1},"f":{"0":2,"1":2,"2":2},"b":{"0":[1,1]},"_coverageSchema":"332fd63041d2c1bcb487cc26dd0d5f7d97098a6c","hash":"0b79a0a050d7fe425891140bd7e662c252a67763"}
,"/home/tyler/Projects/finance-sls-lambda-node-stripe/functions/stripe/deleteSource.js": {"path":"/home/tyler/Projects/finance-sls-lambda-node-stripe/functions/stripe/deleteSource.js","statementMap":{"0":{"start":{"line":2,"column":0},"end":{"line":18,"column":2}},"1":{"start":{"line":3,"column":2},"end":{"line":15,"column":3}},"2":{"start":{"line":4,"column":4},"end":{"line":12,"column":7}},"3":{"start":{"line":5,"column":6},"end":{"line":11,"column":9}},"4":{"start":{"line":6,"column":8},"end":{"line":10,"column":9}},"5":{"start":{"line":7,"column":10},"end":{"line":7,"column":24}},"6":{"start":{"line":9,"column":10},"end":{"line":9,"column":20}},"7":{"start":{"line":14,"column":4},"end":{"line":14,"column":33}},"8":{"start":{"line":17,"column":2},"end":{"line":17,"column":14}}},"fnMap":{"0":{"name":"(anonymous_0)","decl":{"start":{"line":2,"column":30},"end":{"line":2,"column":31}},"loc":{"start":{"line":2,"column":70},"end":{"line":18,"column":1}},"line":2},"1":{"name":"(anonymous_1)","decl":{"start":{"line":4,"column":22},"end":{"line":4,"column":23}},"loc":{"start":{"line":4,"column":43},"end":{"line":12,"column":5}},"line":4},"2":{"name":"(anonymous_2)","decl":{"start":{"line":5,"column":58},"end":{"line":5,"column":59}},"loc":{"start":{"line":5,"column":69},"end":{"line":11,"column":7}},"line":5}},"branchMap":{"0":{"loc":{"start":{"line":6,"column":8},"end":{"line":10,"column":9}},"type":"if","locations":[{"start":{"line":6,"column":8},"end":{"line":10,"column":9}},{"start":{"line":6,"column":8},"end":{"line":10,"column":9}}],"line":6}},"s":{"0":1,"1":2,"2":2,"3":2,"4":2,"5":1,"6":1,"7":1,"8":1},"f":{"0":2,"1":2,"2":2},"b":{"0":[1,1]},"_coverageSchema":"332fd63041d2c1bcb487cc26dd0d5f7d97098a6c","hash":"f7e588b01c644b21dbd073b6341e93dfecbb36c8"}
,"/home/tyler/Projects/finance-sls-lambda-node-stripe/functions/stripe/deleteSubscription.js": {"path":"/home/tyler/Projects/finance-sls-lambda-node-stripe/functions/stripe/deleteSubscription.js","statementMap":{"0":{"start":{"line":2,"column":0},"end":{"line":18,"column":2}},"1":{"start":{"line":3,"column":2},"end":{"line":15,"column":3}},"2":{"start":{"line":4,"column":4},"end":{"line":12,"column":7}},"3":{"start":{"line":5,"column":6},"end":{"line":11,"column":9}},"4":{"start":{"line":6,"column":8},"end":{"line":10,"column":9}},"5":{"start":{"line":7,"column":10},"end":{"line":7,"column":24}},"6":{"start":{"line":9,"column":10},"end":{"line":9,"column":20}},"7":{"start":{"line":14,"column":4},"end":{"line":14,"column":33}},"8":{"start":{"line":17,"column":2},"end":{"line":17,"column":14}}},"fnMap":{"0":{"name":"(anonymous_0)","decl":{"start":{"line":2,"column":36},"end":{"line":2,"column":37}},"loc":{"start":{"line":2,"column":70},"end":{"line":18,"column":1}},"line":2},"1":{"name":"(anonymous_1)","decl":{"start":{"line":4,"column":22},"end":{"line":4,"column":23}},"loc":{"start":{"line":4,"column":43},"end":{"line":12,"column":5}},"line":4},"2":{"name":"(anonymous_2)","decl":{"start":{"line":5,"column":47},"end":{"line":5,"column":48}},"loc":{"start":{"line":5,"column":58},"end":{"line":11,"column":7}},"line":5}},"branchMap":{"0":{"loc":{"start":{"line":6,"column":8},"end":{"line":10,"column":9}},"type":"if","locations":[{"start":{"line":6,"column":8},"end":{"line":10,"column":9}},{"start":{"line":6,"column":8},"end":{"line":10,"column":9}}],"line":6}},"s":{"0":1,"1":2,"2":2,"3":2,"4":2,"5":1,"6":1,"7":1,"8":1},"f":{"0":2,"1":2,"2":2},"b":{"0":[1,1]},"_coverageSchema":"332fd63041d2c1bcb487cc26dd0d5f7d97098a6c","hash":"1da7532e2c7eeda51516298ab7ce59af7833aa1e"}
,"/home/tyler/Projects/finance-sls-lambda-node-stripe/functions/stripe/getCustomer.js": {"path":"/home/tyler/Projects/finance-sls-lambda-node-stripe/functions/stripe/getCustomer.js","statementMap":{"0":{"start":{"line":2,"column":0},"end":{"line":45,"column":2}},"1":{"start":{"line":3,"column":17},"end":{"line":3,"column":21}},"2":{"start":{"line":4,"column":19},"end":{"line":4,"column":23}},"3":{"start":{"line":5,"column":23},"end":{"line":5,"column":27}},"4":{"start":{"line":6,"column":27},"end":{"line":6,"column":31}},"5":{"start":{"line":7,"column":13},"end":{"line":7,"column":17}},"6":{"start":{"line":8,"column":17},"end":{"line":8,"column":21}},"7":{"start":{"line":9,"column":20},"end":{"line":9,"column":24}},"8":{"start":{"line":11,"column":2},"end":{"line":34,"column":3}},"9":{"start":{"line":12,"column":21},"end":{"line":20,"column":6}},"10":{"start":{"line":13,"column":6},"end":{"line":19,"column":9}},"11":{"start":{"line":14,"column":8},"end":{"line":18,"column":9}},"12":{"start":{"line":15,"column":10},"end":{"line":15,"column":24}},"13":{"start":{"line":17,"column":10},"end":{"line":17,"column":28}},"14":{"start":{"line":22,"column":4},"end":{"line":22,"column":43}},"15":{"start":{"line":23,"column":4},"end":{"line":23,"column":47}},"16":{"start":{"line":24,"column":4},"end":{"line":24,"column":55}},"17":{"start":{"line":25,"column":4},"end":{"line":25,"column":73}},"18":{"start":{"line":26,"column":4},"end":{"line":26,"column":64}},"19":{"start":{"line":28,"column":4},"end":{"line":31,"column":5}},"20":{"start":{"line":29,"column":6},"end":{"line":29,"column":67}},"21":{"start":{"line":30,"column":6},"end":{"line":30,"column":73}},"22":{"start":{"line":33,"column":4},"end":{"line":33,"column":33}},"23":{"start":{"line":36,"column":2},"end":{"line":44,"column":4}}},"fnMap":{"0":{"name":"(anonymous_0)","decl":{"start":{"line":2,"column":29},"end":{"line":2,"column":30}},"loc":{"start":{"line":2,"column":59},"end":{"line":45,"column":1}},"line":2},"1":{"name":"(anonymous_1)","decl":{"start":{"line":12,"column":39},"end":{"line":12,"column":40}},"loc":{"start":{"line":12,"column":60},"end":{"line":20,"column":5}},"line":12},"2":{"name":"(anonymous_2)","decl":{"start":{"line":13,"column":44},"end":{"line":13,"column":45}},"loc":{"start":{"line":13,"column":65},"end":{"line":19,"column":7}},"line":13}},"branchMap":{"0":{"loc":{"start":{"line":14,"column":8},"end":{"line":18,"column":9}},"type":"if","locations":[{"start":{"line":14,"column":8},"end":{"line":18,"column":9}},{"start":{"line":14,"column":8},"end":{"line":18,"column":9}}],"line":14},"1":{"loc":{"start":{"line":28,"column":4},"end":{"line":31,"column":5}},"type":"if","locations":[{"start":{"line":28,"column":4},"end":{"line":31,"column":5}},{"start":{"line":28,"column":4},"end":{"line":31,"column":5}}],"line":28}},"s":{"0":1,"1":3,"2":3,"3":3,"4":3,"5":3,"6":3,"7":3,"8":3,"9":3,"10":3,"11":3,"12":1,"13":2,"14":2,"15":2,"16":2,"17":2,"18":2,"19":2,"20":2,"21":2,"22":1,"23":2},"f":{"0":3,"1":3,"2":3},"b":{"0":[1,2],"1":[2,0]},"_coverageSchema":"332fd63041d2c1bcb487cc26dd0d5f7d97098a6c","hash":"5f7b700c67e1e1246cdef1386fd95a577dc0394a"}
,"/home/tyler/Projects/finance-sls-lambda-node-stripe/functions/stripe/loadStripe.js": {"path":"/home/tyler/Projects/finance-sls-lambda-node-stripe/functions/stripe/loadStripe.js","statementMap":{"0":{"start":{"line":1,"column":22},"end":{"line":1,"column":49}},"1":{"start":{"line":5,"column":13},"end":{"line":5,"column":17}},"2":{"start":{"line":8,"column":0},"end":{"line":24,"column":2}},"3":{"start":{"line":9,"column":2},"end":{"line":21,"column":3}},"4":{"start":{"line":10,"column":22},"end":{"line":10,"column":58}},"5":{"start":{"line":12,"column":4},"end":{"line":18,"column":5}},"6":{"start":{"line":13,"column":6},"end":{"line":13,"column":43}},"7":{"start":{"line":15,"column":6},"end":{"line":15,"column":40}},"8":{"start":{"line":17,"column":6},"end":{"line":17,"column":60}},"9":{"start":{"line":20,"column":4},"end":{"line":20,"column":38}},"10":{"start":{"line":23,"column":2},"end":{"line":23,"column":20}}},"fnMap":{"0":{"name":"(anonymous_0)","decl":{"start":{"line":8,"column":28},"end":{"line":8,"column":29}},"loc":{"start":{"line":8,"column":40},"end":{"line":24,"column":1}},"line":8}},"branchMap":{"0":{"loc":{"start":{"line":12,"column":4},"end":{"line":18,"column":5}},"type":"if","locations":[{"start":{"line":12,"column":4},"end":{"line":18,"column":5}},{"start":{"line":12,"column":4},"end":{"line":18,"column":5}}],"line":12},"1":{"loc":{"start":{"line":12,"column":8},"end":{"line":12,"column":25}},"type":"binary-expr","locations":[{"start":{"line":12,"column":8},"end":{"line":12,"column":13}},{"start":{"line":12,"column":17},"end":{"line":12,"column":25}}],"line":12}},"s":{"0":1,"1":1,"2":1,"3":3,"4":3,"5":1,"6":1,"7":1,"8":0,"9":2,"10":1},"f":{"0":3},"b":{"0":[1,0],"1":[1,1]},"_coverageSchema":"332fd63041d2c1bcb487cc26dd0d5f7d97098a6c","hash":"5a942a48e335a2f7b2dbb972db1c3a7aa7bf58ea"}
,"/home/tyler/Projects/finance-sls-lambda-node-stripe/handlers/customers/delete/handler.js": {"path":"/home/tyler/Projects/finance-sls-lambda-node-stripe/handlers/customers/delete/handler.js","statementMap":{"0":{"start":{"line":1,"column":23},"end":{"line":1,"column":70}},"1":{"start":{"line":2,"column":27},"end":{"line":2,"column":78}},"2":{"start":{"line":3,"column":26},"end":{"line":3,"column":69}},"3":{"start":{"line":5,"column":13},"end":{"line":5,"column":17}},"4":{"start":{"line":8,"column":0},"end":{"line":47,"column":2}},"5":{"start":{"line":9,"column":14},"end":{"line":9,"column":18}},"6":{"start":{"line":11,"column":2},"end":{"line":19,"column":3}},"7":{"start":{"line":12,"column":4},"end":{"line":18,"column":5}},"8":{"start":{"line":13,"column":6},"end":{"line":13,"column":34}},"9":{"start":{"line":15,"column":6},"end":{"line":15,"column":40}},"10":{"start":{"line":17,"column":6},"end":{"line":17,"column":25}},"11":{"start":{"line":21,"column":21},"end":{"line":21,"column":63}},"12":{"start":{"line":23,"column":2},"end":{"line":31,"column":3}},"13":{"start":{"line":24,"column":4},"end":{"line":30,"column":5}},"14":{"start":{"line":25,"column":6},"end":{"line":25,"column":38}},"15":{"start":{"line":27,"column":6},"end":{"line":27,"column":47}},"16":{"start":{"line":29,"column":6},"end":{"line":29,"column":25}},"17":{"start":{"line":33,"column":17},"end":{"line":33,"column":21}},"18":{"start":{"line":35,"column":2},"end":{"line":37,"column":3}},"19":{"start":{"line":36,"column":4},"end":{"line":36,"column":36}},"20":{"start":{"line":39,"column":19},"end":{"line":44,"column":3}},"21":{"start":{"line":46,"column":2},"end":{"line":46,"column":31}}},"fnMap":{"0":{"name":"(anonymous_0)","decl":{"start":{"line":8,"column":24},"end":{"line":8,"column":25}},"loc":{"start":{"line":8,"column":60},"end":{"line":47,"column":1}},"line":8}},"branchMap":{"0":{"loc":{"start":{"line":11,"column":2},"end":{"line":19,"column":3}},"type":"if","locations":[{"start":{"line":11,"column":2},"end":{"line":19,"column":3}},{"start":{"line":11,"column":2},"end":{"line":19,"column":3}}],"line":11},"1":{"loc":{"start":{"line":23,"column":2},"end":{"line":31,"column":3}},"type":"if","locations":[{"start":{"line":23,"column":2},"end":{"line":31,"column":3}},{"start":{"line":23,"column":2},"end":{"line":31,"column":3}}],"line":23},"2":{"loc":{"start":{"line":35,"column":2},"end":{"line":37,"column":3}},"type":"if","locations":[{"start":{"line":35,"column":2},"end":{"line":37,"column":3}},{"start":{"line":35,"column":2},"end":{"line":37,"column":3}}],"line":35}},"s":{"0":1,"1":1,"2":1,"3":1,"4":1,"5":3,"6":3,"7":2,"8":2,"9":2,"10":1,"11":3,"12":3,"13":2,"14":2,"15":2,"16":1,"17":3,"18":3,"19":2,"20":3,"21":3},"f":{"0":3},"b":{"0":[2,1],"1":[2,1],"2":[2,1]},"_coverageSchema":"332fd63041d2c1bcb487cc26dd0d5f7d97098a6c","hash":"d0c08931038ed8fee22465255aae70e0bd811b32"}
,"/home/tyler/Projects/finance-sls-lambda-node-stripe/handlers/customers/get/handler.js": {"path":"/home/tyler/Projects/finance-sls-lambda-node-stripe/handlers/customers/get/handler.js","statementMap":{"0":{"start":{"line":1,"column":23},"end":{"line":1,"column":70}},"1":{"start":{"line":2,"column":21},"end":{"line":2,"column":63}},"2":{"start":{"line":3,"column":24},"end":{"line":3,"column":72}},"3":{"start":{"line":4,"column":26},"end":{"line":4,"column":69}},"4":{"start":{"line":6,"column":13},"end":{"line":6,"column":17}},"5":{"start":{"line":9,"column":0},"end":{"line":64,"column":2}},"6":{"start":{"line":10,"column":14},"end":{"line":10,"column":18}},"7":{"start":{"line":12,"column":2},"end":{"line":18,"column":3}},"8":{"start":{"line":13,"column":4},"end":{"line":17,"column":5}},"9":{"start":{"line":14,"column":6},"end":{"line":14,"column":40}},"10":{"start":{"line":16,"column":6},"end":{"line":16,"column":25}},"11":{"start":{"line":20,"column":26},"end":{"line":20,"column":37}},"12":{"start":{"line":22,"column":2},"end":{"line":28,"column":3}},"13":{"start":{"line":23,"column":4},"end":{"line":27,"column":5}},"14":{"start":{"line":24,"column":6},"end":{"line":24,"column":34}},"15":{"start":{"line":26,"column":6},"end":{"line":26,"column":25}},"16":{"start":{"line":30,"column":21},"end":{"line":30,"column":63}},"17":{"start":{"line":31,"column":19},"end":{"line":31,"column":23}},"18":{"start":{"line":32,"column":17},"end":{"line":32,"column":21}},"19":{"start":{"line":33,"column":20},"end":{"line":33,"column":24}},"20":{"start":{"line":35,"column":2},"end":{"line":46,"column":3}},"21":{"start":{"line":36,"column":4},"end":{"line":45,"column":5}},"22":{"start":{"line":37,"column":6},"end":{"line":37,"column":53}},"23":{"start":{"line":39,"column":6},"end":{"line":39,"column":86}},"24":{"start":{"line":41,"column":6},"end":{"line":41,"column":98}},"25":{"start":{"line":43,"column":6},"end":{"line":43,"column":25}},"26":{"start":{"line":44,"column":6},"end":{"line":44,"column":25}},"27":{"start":{"line":48,"column":17},"end":{"line":48,"column":21}},"28":{"start":{"line":50,"column":2},"end":{"line":52,"column":3}},"29":{"start":{"line":51,"column":4},"end":{"line":51,"column":36}},"30":{"start":{"line":54,"column":19},"end":{"line":61,"column":3}},"31":{"start":{"line":63,"column":2},"end":{"line":63,"column":31}}},"fnMap":{"0":{"name":"(anonymous_0)","decl":{"start":{"line":9,"column":21},"end":{"line":9,"column":22}},"loc":{"start":{"line":9,"column":57},"end":{"line":64,"column":1}},"line":9}},"branchMap":{"0":{"loc":{"start":{"line":12,"column":2},"end":{"line":18,"column":3}},"type":"if","locations":[{"start":{"line":12,"column":2},"end":{"line":18,"column":3}},{"start":{"line":12,"column":2},"end":{"line":18,"column":3}}],"line":12},"1":{"loc":{"start":{"line":22,"column":2},"end":{"line":28,"column":3}},"type":"if","locations":[{"start":{"line":22,"column":2},"end":{"line":28,"column":3}},{"start":{"line":22,"column":2},"end":{"line":28,"column":3}}],"line":22},"2":{"loc":{"start":{"line":35,"column":2},"end":{"line":46,"column":3}},"type":"if","locations":[{"start":{"line":35,"column":2},"end":{"line":46,"column":3}},{"start":{"line":35,"column":2},"end":{"line":46,"column":3}}],"line":35},"3":{"loc":{"start":{"line":50,"column":2},"end":{"line":52,"column":3}},"type":"if","locations":[{"start":{"line":50,"column":2},"end":{"line":52,"column":3}},{"start":{"line":50,"column":2},"end":{"line":52,"column":3}}],"line":50}},"s":{"0":1,"1":1,"2":1,"3":1,"4":1,"5":1,"6":4,"7":4,"8":2,"9":2,"10":1,"11":4,"12":4,"13":3,"14":3,"15":1,"16":4,"17":4,"18":4,"19":4,"20":4,"21":2,"22":2,"23":2,"24":1,"25":1,"26":1,"27":4,"28":4,"29":3,"30":4,"31":4},"f":{"0":4},"b":{"0":[2,2],"1":[3,1],"2":[2,2],"3":[3,1]},"_coverageSchema":"332fd63041d2c1bcb487cc26dd0d5f7d97098a6c","hash":"4e43cb3ee23c06fc8fde4e169d8e7e52e086d7f3"}
,"/home/tyler/Projects/finance-sls-lambda-node-stripe/handlers/customers/post/handler.js": {"path":"/home/tyler/Projects/finance-sls-lambda-node-stripe/handlers/customers/post/handler.js","statementMap":{"0":{"start":{"line":1,"column":23},"end":{"line":1,"column":70}},"1":{"start":{"line":2,"column":21},"end":{"line":2,"column":63}},"2":{"start":{"line":3,"column":23},"end":{"line":3,"column":70}},"3":{"start":{"line":4,"column":24},"end":{"line":4,"column":72}},"4":{"start":{"line":5,"column":28},"end":{"line":5,"column":80}},"5":{"start":{"line":6,"column":23},"end":{"line":6,"column":71}},"6":{"start":{"line":7,"column":26},"end":{"line":7,"column":69}},"7":{"start":{"line":9,"column":13},"end":{"line":9,"column":17}},"8":{"start":{"line":12,"column":0},"end":{"line":132,"column":2}},"9":{"start":{"line":13,"column":14},"end":{"line":13,"column":18}},"10":{"start":{"line":15,"column":2},"end":{"line":21,"column":3}},"11":{"start":{"line":16,"column":4},"end":{"line":20,"column":5}},"12":{"start":{"line":17,"column":6},"end":{"line":17,"column":40}},"13":{"start":{"line":19,"column":6},"end":{"line":19,"column":25}},"14":{"start":{"line":23,"column":19},"end":{"line":23,"column":24}},"15":{"start":{"line":25,"column":2},"end":{"line":30,"column":3}},"16":{"start":{"line":26,"column":4},"end":{"line":29,"column":6}},"17":{"start":{"line":31,"column":2},"end":{"line":36,"column":3}},"18":{"start":{"line":32,"column":4},"end":{"line":35,"column":6}},"19":{"start":{"line":37,"column":2},"end":{"line":42,"column":3}},"20":{"start":{"line":38,"column":4},"end":{"line":41,"column":6}},"21":{"start":{"line":43,"column":2},"end":{"line":48,"column":3}},"22":{"start":{"line":44,"column":4},"end":{"line":47,"column":6}},"23":{"start":{"line":49,"column":2},"end":{"line":54,"column":3}},"24":{"start":{"line":50,"column":4},"end":{"line":53,"column":6}},"25":{"start":{"line":55,"column":2},"end":{"line":60,"column":3}},"26":{"start":{"line":56,"column":4},"end":{"line":59,"column":6}},"27":{"start":{"line":62,"column":19},"end":{"line":62,"column":23}},"28":{"start":{"line":63,"column":25},"end":{"line":63,"column":36}},"29":{"start":{"line":64,"column":2},"end":{"line":64,"column":33}},"30":{"start":{"line":66,"column":2},"end":{"line":74,"column":3}},"31":{"start":{"line":67,"column":4},"end":{"line":73,"column":5}},"32":{"start":{"line":68,"column":6},"end":{"line":68,"column":60}},"33":{"start":{"line":70,"column":6},"end":{"line":70,"column":33}},"34":{"start":{"line":72,"column":6},"end":{"line":72,"column":25}},"35":{"start":{"line":76,"column":2},"end":{"line":84,"column":3}},"36":{"start":{"line":77,"column":4},"end":{"line":83,"column":5}},"37":{"start":{"line":78,"column":6},"end":{"line":78,"column":66}},"38":{"start":{"line":80,"column":6},"end":{"line":80,"column":57}},"39":{"start":{"line":82,"column":6},"end":{"line":82,"column":25}},"40":{"start":{"line":86,"column":2},"end":{"line":96,"column":3}},"41":{"start":{"line":87,"column":4},"end":{"line":95,"column":5}},"42":{"start":{"line":88,"column":6},"end":{"line":88,"column":51}},"43":{"start":{"line":90,"column":6},"end":{"line":90,"column":67}},"44":{"start":{"line":92,"column":6},"end":{"line":92,"column":57}},"45":{"start":{"line":94,"column":6},"end":{"line":94,"column":25}},"46":{"start":{"line":98,"column":2},"end":{"line":106,"column":3}},"47":{"start":{"line":99,"column":4},"end":{"line":105,"column":5}},"48":{"start":{"line":100,"column":6},"end":{"line":100,"column":79}},"49":{"start":{"line":102,"column":6},"end":{"line":102,"column":64}},"50":{"start":{"line":104,"column":6},"end":{"line":104,"column":25}},"51":{"start":{"line":108,"column":2},"end":{"line":116,"column":3}},"52":{"start":{"line":109,"column":4},"end":{"line":115,"column":5}},"53":{"start":{"line":110,"column":6},"end":{"line":110,"column":74}},"54":{"start":{"line":112,"column":6},"end":{"line":112,"column":41}},"55":{"start":{"line":114,"column":6},"end":{"line":114,"column":25}},"56":{"start":{"line":118,"column":17},"end":{"line":118,"column":21}},"57":{"start":{"line":120,"column":2},"end":{"line":122,"column":3}},"58":{"start":{"line":121,"column":4},"end":{"line":121,"column":36}},"59":{"start":{"line":124,"column":19},"end":{"line":129,"column":3}},"60":{"start":{"line":131,"column":2},"end":{"line":131,"column":31}}},"fnMap":{"0":{"name":"(anonymous_0)","decl":{"start":{"line":12,"column":22},"end":{"line":12,"column":23}},"loc":{"start":{"line":12,"column":58},"end":{"line":132,"column":1}},"line":12}},"branchMap":{"0":{"loc":{"start":{"line":15,"column":2},"end":{"line":21,"column":3}},"type":"if","locations":[{"start":{"line":15,"column":2},"end":{"line":21,"column":3}},{"start":{"line":15,"column":2},"end":{"line":21,"column":3}}],"line":15},"1":{"loc":{"start":{"line":25,"column":2},"end":{"line":30,"column":3}},"type":"if","locations":[{"start":{"line":25,"column":2},"end":{"line":30,"column":3}},{"start":{"line":25,"column":2},"end":{"line":30,"column":3}}],"line":25},"2":{"loc":{"start":{"line":25,"column":6},"end":{"line":25,"column":68}},"type":"binary-expr","locations":[{"start":{"line":25,"column":6},"end":{"line":25,"column":12}},{"start":{"line":25,"column":16},"end":{"line":25,"column":68}}],"line":25},"3":{"loc":{"start":{"line":31,"column":2},"end":{"line":36,"column":3}},"type":"if","locations":[{"start":{"line":31,"column":2},"end":{"line":36,"column":3}},{"start":{"line":31,"column":2},"end":{"line":36,"column":3}}],"line":31},"4":{"loc":{"start":{"line":31,"column":6},"end":{"line":31,"column":67}},"type":"binary-expr","locations":[{"start":{"line":31,"column":6},"end":{"line":31,"column":12}},{"start":{"line":31,"column":16},"end":{"line":31,"column":67}}],"line":31},"5":{"loc":{"start":{"line":37,"column":2},"end":{"line":42,"column":3}},"type":"if","locations":[{"start":{"line":37,"column":2},"end":{"line":42,"column":3}},{"start":{"line":37,"column":2},"end":{"line":42,"column":3}}],"line":37},"6":{"loc":{"start":{"line":37,"column":6},"end":{"line":37,"column":68}},"type":"binary-expr","locations":[{"start":{"line":37,"column":6},"end":{"line":37,"column":12}},{"start":{"line":37,"column":16},"end":{"line":37,"column":68}}],"line":37},"7":{"loc":{"start":{"line":43,"column":2},"end":{"line":48,"column":3}},"type":"if","locations":[{"start":{"line":43,"column":2},"end":{"line":48,"column":3}},{"start":{"line":43,"column":2},"end":{"line":48,"column":3}}],"line":43},"8":{"loc":{"start":{"line":43,"column":6},"end":{"line":43,"column":71}},"type":"binary-expr","locations":[{"start":{"line":43,"column":6},"end":{"line":43,"column":12}},{"start":{"line":43,"column":16},"end":{"line":43,"column":71}}],"line":43},"9":{"loc":{"start":{"line":49,"column":2},"end":{"line":54,"column":3}},"type":"if","locations":[{"start":{"line":49,"column":2},"end":{"line":54,"column":3}},{"start":{"line":49,"column":2},"end":{"line":54,"column":3}}],"line":49},"10":{"loc":{"start":{"line":49,"column":6},"end":{"line":49,"column":68}},"type":"binary-expr","locations":[{"start":{"line":49,"column":6},"end":{"line":49,"column":12}},{"start":{"line":49,"column":16},"end":{"line":49,"column":68}}],"line":49},"11":{"loc":{"start":{"line":55,"column":2},"end":{"line":60,"column":3}},"type":"if","locations":[{"start":{"line":55,"column":2},"end":{"line":60,"column":3}},{"start":{"line":55,"column":2},"end":{"line":60,"column":3}}],"line":55},"12":{"loc":{"start":{"line":55,"column":6},"end":{"line":55,"column":67}},"type":"binary-expr","locations":[{"start":{"line":55,"column":6},"end":{"line":55,"column":12}},{"start":{"line":55,"column":16},"end":{"line":55,"column":67}}],"line":55},"13":{"loc":{"start":{"line":66,"column":2},"end":{"line":74,"column":3}},"type":"if","locations":[{"start":{"line":66,"column":2},"end":{"line":74,"column":3}},{"start":{"line":66,"column":2},"end":{"line":74,"column":3}}],"line":66},"14":{"loc":{"start":{"line":76,"column":2},"end":{"line":84,"column":3}},"type":"if","locations":[{"start":{"line":76,"column":2},"end":{"line":84,"column":3}},{"start":{"line":76,"column":2},"end":{"line":84,"column":3}}],"line":76},"15":{"loc":{"start":{"line":76,"column":6},"end":{"line":76,"column":30}},"type":"binary-expr","locations":[{"start":{"line":76,"column":6},"end":{"line":76,"column":12}},{"start":{"line":76,"column":16},"end":{"line":76,"column":30}}],"line":76},"16":{"loc":{"start":{"line":86,"column":2},"end":{"line":96,"column":3}},"type":"if","locations":[{"start":{"line":86,"column":2},"end":{"line":96,"column":3}},{"start":{"line":86,"column":2},"end":{"line":96,"column":3}}],"line":86},"17":{"loc":{"start":{"line":98,"column":2},"end":{"line":106,"column":3}},"type":"if","locations":[{"start":{"line":98,"column":2},"end":{"line":106,"column":3}},{"start":{"line":98,"column":2},"end":{"line":106,"column":3}}],"line":98},"18":{"loc":{"start":{"line":108,"column":2},"end":{"line":116,"column":3}},"type":"if","locations":[{"start":{"line":108,"column":2},"end":{"line":116,"column":3}},{"start":{"line":108,"column":2},"end":{"line":116,"column":3}}],"line":108},"19":{"loc":{"start":{"line":120,"column":2},"end":{"line":122,"column":3}},"type":"if","locations":[{"start":{"line":120,"column":2},"end":{"line":122,"column":3}},{"start":{"line":120,"column":2},"end":{"line":122,"column":3}}],"line":120}},"s":{"0":1,"1":1,"2":1,"3":1,"4":1,"5":1,"6":1,"7":1,"8":1,"9":13,"10":13,"11":2,"12":2,"13":1,"14":13,"15":13,"16":1,"17":13,"18":1,"19":13,"20":1,"21":13,"22":1,"23":13,"24":1,"25":13,"26":1,"27":13,"28":13,"29":13,"30":13,"31":6,"32":6,"33":6,"34":1,"35":13,"36":4,"37":4,"38":4,"39":1,"40":13,"41":4,"42":4,"43":4,"44":3,"45":1,"46":13,"47":3,"48":3,"49":3,"50":1,"51":13,"52":2,"53":2,"54":2,"55":1,"56":13,"57":13,"58":12,"59":13,"60":13},"f":{"0":13},"b":{"0":[2,11],"1":[1,12],"2":[13,12],"3":[1,12],"4":[13,11],"5":[1,12],"6":[13,10],"7":[1,12],"8":[13,9],"9":[1,12],"10":[13,8],"11":[1,12],"12":[13,7],"13":[6,7],"14":[4,9],"15":[13,5],"16":[4,9],"17":[3,10],"18":[2,11],"19":[12,1]},"_coverageSchema":"332fd63041d2c1bcb487cc26dd0d5f7d97098a6c","hash":"64b7fc781c642a8bd67b5d8e99ac33fc916c8b16"}
,"/home/tyler/Projects/finance-sls-lambda-node-stripe/handlers/customers/put/handler.js": {"path":"/home/tyler/Projects/finance-sls-lambda-node-stripe/handlers/customers/put/handler.js","statementMap":{"0":{"start":{"line":1,"column":23},"end":{"line":1,"column":70}},"1":{"start":{"line":2,"column":21},"end":{"line":2,"column":63}},"2":{"start":{"line":3,"column":21},"end":{"line":3,"column":63}},"3":{"start":{"line":4,"column":23},"end":{"line":4,"column":70}},"4":{"start":{"line":5,"column":24},"end":{"line":5,"column":72}},"5":{"start":{"line":6,"column":27},"end":{"line":6,"column":78}},"6":{"start":{"line":7,"column":31},"end":{"line":7,"column":86}},"7":{"start":{"line":8,"column":27},"end":{"line":8,"column":78}},"8":{"start":{"line":9,"column":31},"end":{"line":9,"column":86}},"9":{"start":{"line":10,"column":28},"end":{"line":10,"column":80}},"10":{"start":{"line":11,"column":26},"end":{"line":11,"column":69}},"11":{"start":{"line":13,"column":13},"end":{"line":13,"column":17}},"12":{"start":{"line":17,"column":0},"end":{"line":161,"column":2}},"13":{"start":{"line":18,"column":14},"end":{"line":18,"column":18}},"14":{"start":{"line":20,"column":2},"end":{"line":26,"column":3}},"15":{"start":{"line":21,"column":4},"end":{"line":25,"column":5}},"16":{"start":{"line":22,"column":6},"end":{"line":22,"column":40}},"17":{"start":{"line":24,"column":6},"end":{"line":24,"column":25}},"18":{"start":{"line":28,"column":26},"end":{"line":28,"column":37}},"19":{"start":{"line":30,"column":2},"end":{"line":36,"column":3}},"20":{"start":{"line":31,"column":4},"end":{"line":35,"column":5}},"21":{"start":{"line":32,"column":6},"end":{"line":32,"column":34}},"22":{"start":{"line":34,"column":6},"end":{"line":34,"column":25}},"23":{"start":{"line":38,"column":19},"end":{"line":38,"column":24}},"24":{"start":{"line":40,"column":21},"end":{"line":40,"column":63}},"25":{"start":{"line":41,"column":17},"end":{"line":41,"column":21}},"26":{"start":{"line":42,"column":23},"end":{"line":42,"column":27}},"27":{"start":{"line":43,"column":17},"end":{"line":43,"column":21}},"28":{"start":{"line":44,"column":13},"end":{"line":44,"column":17}},"29":{"start":{"line":46,"column":2},"end":{"line":54,"column":3}},"30":{"start":{"line":47,"column":4},"end":{"line":53,"column":5}},"31":{"start":{"line":48,"column":6},"end":{"line":48,"column":68}},"32":{"start":{"line":50,"column":6},"end":{"line":50,"column":45}},"33":{"start":{"line":52,"column":6},"end":{"line":52,"column":25}},"34":{"start":{"line":56,"column":2},"end":{"line":64,"column":3}},"35":{"start":{"line":57,"column":4},"end":{"line":63,"column":5}},"36":{"start":{"line":58,"column":6},"end":{"line":58,"column":56}},"37":{"start":{"line":60,"column":6},"end":{"line":60,"column":47}},"38":{"start":{"line":62,"column":6},"end":{"line":62,"column":25}},"39":{"start":{"line":66,"column":2},"end":{"line":95,"column":3}},"40":{"start":{"line":67,"column":4},"end":{"line":94,"column":5}},"41":{"start":{"line":68,"column":6},"end":{"line":68,"column":53}},"42":{"start":{"line":70,"column":6},"end":{"line":72,"column":49}},"43":{"start":{"line":74,"column":6},"end":{"line":84,"column":8}},"44":{"start":{"line":86,"column":6},"end":{"line":91,"column":7}},"45":{"start":{"line":87,"column":8},"end":{"line":90,"column":21}},"46":{"start":{"line":93,"column":6},"end":{"line":93,"column":25}},"47":{"start":{"line":97,"column":2},"end":{"line":105,"column":3}},"48":{"start":{"line":98,"column":4},"end":{"line":104,"column":5}},"49":{"start":{"line":99,"column":6},"end":{"line":99,"column":68}},"50":{"start":{"line":101,"column":6},"end":{"line":101,"column":53}},"51":{"start":{"line":103,"column":6},"end":{"line":103,"column":25}},"52":{"start":{"line":107,"column":2},"end":{"line":125,"column":3}},"53":{"start":{"line":108,"column":4},"end":{"line":124,"column":5}},"54":{"start":{"line":109,"column":6},"end":{"line":115,"column":7}},"55":{"start":{"line":110,"column":8},"end":{"line":110,"column":78}},"56":{"start":{"line":112,"column":8},"end":{"line":112,"column":63}},"57":{"start":{"line":114,"column":8},"end":{"line":114,"column":27}},"58":{"start":{"line":116,"column":11},"end":{"line":124,"column":5}},"59":{"start":{"line":117,"column":6},"end":{"line":123,"column":7}},"60":{"start":{"line":118,"column":8},"end":{"line":118,"column":62}},"61":{"start":{"line":120,"column":8},"end":{"line":120,"column":53}},"62":{"start":{"line":122,"column":8},"end":{"line":122,"column":27}},"63":{"start":{"line":127,"column":2},"end":{"line":145,"column":3}},"64":{"start":{"line":128,"column":4},"end":{"line":134,"column":5}},"65":{"start":{"line":129,"column":6},"end":{"line":129,"column":76}},"66":{"start":{"line":131,"column":6},"end":{"line":131,"column":55}},"67":{"start":{"line":133,"column":6},"end":{"line":133,"column":25}},"68":{"start":{"line":136,"column":4},"end":{"line":144,"column":5}},"69":{"start":{"line":137,"column":6},"end":{"line":143,"column":7}},"70":{"start":{"line":138,"column":8},"end":{"line":138,"column":71}},"71":{"start":{"line":140,"column":8},"end":{"line":140,"column":56}},"72":{"start":{"line":142,"column":8},"end":{"line":142,"column":27}},"73":{"start":{"line":147,"column":17},"end":{"line":147,"column":21}},"74":{"start":{"line":149,"column":2},"end":{"line":151,"column":3}},"75":{"start":{"line":150,"column":4},"end":{"line":150,"column":36}},"76":{"start":{"line":153,"column":19},"end":{"line":158,"column":3}},"77":{"start":{"line":160,"column":2},"end":{"line":160,"column":31}}},"fnMap":{"0":{"name":"(anonymous_0)","decl":{"start":{"line":17,"column":21},"end":{"line":17,"column":22}},"loc":{"start":{"line":17,"column":57},"end":{"line":161,"column":1}},"line":17}},"branchMap":{"0":{"loc":{"start":{"line":20,"column":2},"end":{"line":26,"column":3}},"type":"if","locations":[{"start":{"line":20,"column":2},"end":{"line":26,"column":3}},{"start":{"line":20,"column":2},"end":{"line":26,"column":3}}],"line":20},"1":{"loc":{"start":{"line":30,"column":2},"end":{"line":36,"column":3}},"type":"if","locations":[{"start":{"line":30,"column":2},"end":{"line":36,"column":3}},{"start":{"line":30,"column":2},"end":{"line":36,"column":3}}],"line":30},"2":{"loc":{"start":{"line":46,"column":2},"end":{"line":54,"column":3}},"type":"if","locations":[{"start":{"line":46,"column":2},"end":{"line":54,"column":3}},{"start":{"line":46,"column":2},"end":{"line":54,"column":3}}],"line":46},"3":{"loc":{"start":{"line":46,"column":6},"end":{"line":46,"column":26}},"type":"binary-expr","locations":[{"start":{"line":46,"column":6},"end":{"line":46,"column":12}},{"start":{"line":46,"column":16},"end":{"line":46,"column":26}}],"line":46},"4":{"loc":{"start":{"line":56,"column":2},"end":{"line":64,"column":3}},"type":"if","locations":[{"start":{"line":56,"column":2},"end":{"line":64,"column":3}},{"start":{"line":56,"column":2},"end":{"line":64,"column":3}}],"line":56},"5":{"loc":{"start":{"line":56,"column":6},"end":{"line":56,"column":30}},"type":"binary-expr","locations":[{"start":{"line":56,"column":6},"end":{"line":56,"column":12}},{"start":{"line":56,"column":16},"end":{"line":56,"column":30}}],"line":56},"6":{"loc":{"start":{"line":66,"column":2},"end":{"line":95,"column":3}},"type":"if","locations":[{"start":{"line":66,"column":2},"end":{"line":95,"column":3}},{"start":{"line":66,"column":2},"end":{"line":95,"column":3}}],"line":66},"7":{"loc":{"start":{"line":86,"column":6},"end":{"line":91,"column":7}},"type":"if","locations":[{"start":{"line":86,"column":6},"end":{"line":91,"column":7}},{"start":{"line":86,"column":6},"end":{"line":91,"column":7}}],"line":86},"8":{"loc":{"start":{"line":86,"column":10},"end":{"line":86,"column":47}},"type":"binary-expr","locations":[{"start":{"line":86,"column":10},"end":{"line":86,"column":19}},{"start":{"line":86,"column":23},"end":{"line":86,"column":38}},{"start":{"line":86,"column":42},"end":{"line":86,"column":47}}],"line":86},"9":{"loc":{"start":{"line":97,"column":2},"end":{"line":105,"column":3}},"type":"if","locations":[{"start":{"line":97,"column":2},"end":{"line":105,"column":3}},{"start":{"line":97,"column":2},"end":{"line":105,"column":3}}],"line":97},"10":{"loc":{"start":{"line":97,"column":6},"end":{"line":97,"column":42}},"type":"binary-expr","locations":[{"start":{"line":97,"column":6},"end":{"line":97,"column":12}},{"start":{"line":97,"column":17},"end":{"line":97,"column":27}},{"start":{"line":97,"column":31},"end":{"line":97,"column":41}}],"line":97},"11":{"loc":{"start":{"line":107,"column":2},"end":{"line":125,"column":3}},"type":"if","locations":[{"start":{"line":107,"column":2},"end":{"line":125,"column":3}},{"start":{"line":107,"column":2},"end":{"line":125,"column":3}}],"line":107},"12":{"loc":{"start":{"line":107,"column":6},"end":{"line":107,"column":50}},"type":"binary-expr","locations":[{"start":{"line":107,"column":6},"end":{"line":107,"column":12}},{"start":{"line":107,"column":17},"end":{"line":107,"column":27}},{"start":{"line":107,"column":31},"end":{"line":107,"column":49}}],"line":107},"13":{"loc":{"start":{"line":108,"column":4},"end":{"line":124,"column":5}},"type":"if","locations":[{"start":{"line":108,"column":4},"end":{"line":124,"column":5}},{"start":{"line":108,"column":4},"end":{"line":124,"column":5}}],"line":108},"14":{"loc":{"start":{"line":116,"column":11},"end":{"line":124,"column":5}},"type":"if","locations":[{"start":{"line":116,"column":11},"end":{"line":124,"column":5}},{"start":{"line":116,"column":11},"end":{"line":124,"column":5}}],"line":116},"15":{"loc":{"start":{"line":116,"column":15},"end":{"line":116,"column":101}},"type":"binary-expr","locations":[{"start":{"line":116,"column":15},"end":{"line":116,"column":70}},{"start":{"line":116,"column":74},"end":{"line":116,"column":89}},{"start":{"line":116,"column":93},"end":{"line":116,"column":101}}],"line":116},"16":{"loc":{"start":{"line":127,"column":2},"end":{"line":145,"column":3}},"type":"if","locations":[{"start":{"line":127,"column":2},"end":{"line":145,"column":3}},{"start":{"line":127,"column":2},"end":{"line":145,"column":3}}],"line":127},"17":{"loc":{"start":{"line":127,"column":6},"end":{"line":127,"column":47}},"type":"binary-expr","locations":[{"start":{"line":127,"column":6},"end":{"line":127,"column":12}},{"start":{"line":127,"column":16},"end":{"line":127,"column":25}},{"start":{"line":127,"column":29},"end":{"line":127,"column":47}}],"line":127},"18":{"loc":{"start":{"line":136,"column":4},"end":{"line":144,"column":5}},"type":"if","locations":[{"start":{"line":136,"column":4},"end":{"line":144,"column":5}},{"start":{"line":136,"column":4},"end":{"line":144,"column":5}}],"line":136},"19":{"loc":{"start":{"line":149,"column":2},"end":{"line":151,"column":3}},"type":"if","locations":[{"start":{"line":149,"column":2},"end":{"line":151,"column":3}},{"start":{"line":149,"column":2},"end":{"line":151,"column":3}}],"line":149}},"s":{"0":1,"1":1,"2":1,"3":1,"4":1,"5":1,"6":1,"7":1,"8":1,"9":1,"10":1,"11":1,"12":1,"13":11,"14":11,"15":2,"16":2,"17":1,"18":11,"19":11,"20":10,"21":10,"22":1,"23":11,"24":11,"25":11,"26":11,"27":11,"28":11,"29":11,"30":7,"31":7,"32":7,"33":1,"34":11,"35":6,"36":6,"37":6,"38":1,"39":11,"40":7,"41":7,"42":7,"43":6,"44":6,"45":0,"46":1,"47":11,"48":5,"49":5,"50":5,"51":1,"52":11,"53":3,"54":2,"55":2,"56":2,"57":1,"58":1,"59":1,"60":1,"61":1,"62":1,"63":11,"64":2,"65":2,"66":2,"67":1,"68":2,"69":1,"70":1,"71":1,"72":1,"73":11,"74":11,"75":10,"76":11,"77":11},"f":{"0":11},"b":{"0":[2,9],"1":[10,1],"2":[7,4],"3":[11,9],"4":[6,5],"5":[11,8],"6":[7,4],"7":[0,6],"8":[6,6,6],"9":[5,6],"10":[11,6,1],"11":[3,8],"12":[11,5,5],"13":[2,1],"14":[1,0],"15":[1,1,1],"16":[2,9],"17":[11,3,3],"18":[1,1],"19":[10,1]},"_coverageSchema":"332fd63041d2c1bcb487cc26dd0d5f7d97098a6c","hash":"43c02e93c6e5500a41ff8dc1f2fd1949f32b5899"}
}
