TN:
SF:/home/tyler/Projects/finance-sls-lambda-node-stripe/functions/aws/getSecret.js
FN:6,(anonymous_0)
FN:14,(anonymous_1)
FN:15,(anonymous_2)
FNF:3
FNH:3
FNDA:3,(anonymous_0)
FNDA:3,(anonymous_1)
FNDA:3,(anonymous_2)
DA:1,1
DA:2,1
DA:4,1
DA:6,1
DA:7,3
DA:8,1
DA:11,3
DA:13,3
DA:14,3
DA:15,3
DA:16,3
DA:17,1
DA:18,2
DA:19,1
DA:21,1
DA:26,2
DA:29,1
LF:17
LH:17
BRDA:7,0,0,1
BRDA:7,0,1,2
BRDA:16,1,0,1
BRDA:16,1,1,2
BRDA:18,2,0,1
BRDA:18,2,1,1
BRDA:18,3,0,2
BRDA:18,3,1,2
BRF:8
BRH:8
end_of_record
TN:
SF:/home/tyler/Projects/finance-sls-lambda-node-stripe/functions/aws/testAuth.js
FN:6,(anonymous_0)
FN:16,(anonymous_1)
FN:17,(anonymous_2)
FNF:3
FNH:3
FNDA:2,(anonymous_0)
FNDA:2,(anonymous_1)
FNDA:2,(anonymous_2)
DA:1,1
DA:2,1
DA:4,1
DA:6,1
DA:7,2
DA:8,1
DA:11,2
DA:15,2
DA:16,2
DA:17,2
DA:18,2
DA:19,1
DA:21,1
DA:26,1
DA:29,1
LF:15
LH:15
BRDA:7,0,0,1
BRDA:7,0,1,1
BRDA:18,1,0,1
BRDA:18,1,1,1
BRF:4
BRH:4
end_of_record
TN:
SF:/home/tyler/Projects/finance-sls-lambda-node-stripe/functions/aws/testUser.js
FN:6,(anonymous_0)
FN:17,(anonymous_1)
FN:18,(anonymous_2)
FN:24,(anonymous_3)
FNF:4
FNH:4
FNDA:5,(anonymous_0)
FNDA:5,(anonymous_1)
FNDA:5,(anonymous_2)
FNDA:1,(anonymous_3)
DA:1,1
DA:2,1
DA:4,1
DA:6,1
DA:7,5
DA:8,1
DA:11,5
DA:16,5
DA:17,5
DA:18,5
DA:19,5
DA:20,1
DA:21,4
DA:22,1
DA:23,3
DA:24,1
DA:25,1
DA:26,1
DA:27,1
DA:29,0
DA:37,2
DA:45,3
DA:48,2
LF:23
LH:22
BRDA:7,0,0,1
BRDA:7,0,1,4
BRDA:19,1,0,1
BRDA:19,1,1,4
BRDA:19,2,0,5
BRDA:19,2,1,2
BRDA:21,3,0,1
BRDA:21,3,1,3
BRDA:23,4,0,1
BRDA:23,4,1,2
BRDA:25,5,0,1
BRDA:25,5,1,0
BRDA:26,6,0,1
BRDA:26,6,1,0
BRF:14
BRH:12
end_of_record
TN:
SF:/home/tyler/Projects/finance-sls-lambda-node-stripe/functions/aws/sns/publishSNS.js
FN:6,(anonymous_0)
FN:17,(anonymous_1)
FN:23,(anonymous_2)
FNF:3
FNH:3
FNDA:2,(anonymous_0)
FNDA:2,(anonymous_1)
FNDA:2,(anonymous_2)
DA:1,1
DA:2,1
DA:4,1
DA:6,1
DA:7,2
DA:8,1
DA:11,2
DA:16,2
DA:17,2
DA:18,2
DA:24,2
DA:25,1
DA:27,1
DA:33,1
DA:36,1
LF:15
LH:15
BRDA:7,0,0,1
BRDA:7,0,1,1
BRDA:24,1,0,1
BRDA:24,1,1,1
BRF:4
BRH:4
end_of_record
TN:
SF:/home/tyler/Projects/finance-sls-lambda-node-stripe/functions/stripe/addCustomer.js
FN:2,(anonymous_0)
FN:12,(anonymous_1)
FN:13,(anonymous_2)
FNF:3
FNH:3
FNDA:2,(anonymous_0)
FNDA:2,(anonymous_1)
FNDA:2,(anonymous_2)
DA:2,1
DA:3,2
DA:4,2
DA:6,2
DA:11,2
DA:12,2
DA:13,2
DA:14,2
DA:15,1
DA:17,1
DA:22,1
DA:23,1
DA:25,1
DA:28,1
LF:14
LH:14
BRDA:14,0,0,1
BRDA:14,0,1,1
BRF:2
BRH:2
end_of_record
TN:
SF:/home/tyler/Projects/finance-sls-lambda-node-stripe/functions/stripe/addSubscription.js
FN:3,(anonymous_0)
FN:51,(anonymous_1)
FN:52,(anonymous_2)
FNF:3
FNH:3
FNDA:4,(anonymous_0)
FNDA:4,(anonymous_1)
FNDA:4,(anonymous_2)
DA:3,1
DA:4,4
DA:5,4
DA:6,4
DA:10,4
DA:11,4
DA:13,4
DA:14,4
DA:15,4
DA:16,4
DA:18,4
DA:19,1
DA:20,3
DA:21,1
DA:22,2
DA:23,1
DA:24,1
DA:25,1
DA:28,4
DA:30,4
DA:40,0
DA:46,4
DA:47,3
DA:50,4
DA:51,4
DA:52,4
DA:53,4
DA:54,1
DA:56,3
DA:61,3
DA:62,3
DA:64,1
DA:67,3
LF:33
LH:32
BRDA:10,0,0,4
BRDA:10,0,1,0
BRDA:18,1,0,1
BRDA:18,1,1,3
BRDA:18,2,0,4
BRDA:18,2,1,4
BRDA:20,3,0,1
BRDA:20,3,1,2
BRDA:20,4,0,3
BRDA:20,4,1,3
BRDA:22,5,0,1
BRDA:22,5,1,1
BRDA:22,6,0,2
BRDA:22,6,1,2
BRDA:24,7,0,1
BRDA:24,7,1,0
BRDA:24,8,0,1
BRDA:24,8,1,1
BRDA:46,9,0,3
BRDA:46,9,1,1
BRDA:53,10,0,1
BRDA:53,10,1,3
BRF:22
BRH:20
end_of_record
TN:
SF:/home/tyler/Projects/finance-sls-lambda-node-stripe/functions/stripe/deleteCustomer.js
FN:2,(anonymous_0)
FN:4,(anonymous_1)
FN:5,(anonymous_2)
FNF:3
FNH:3
FNDA:2,(anonymous_0)
FNDA:2,(anonymous_1)
FNDA:2,(anonymous_2)
DA:2,1
DA:3,2
DA:4,2
DA:5,2
DA:6,2
DA:7,1
DA:9,1
DA:14,1
DA:17,1
LF:9
LH:9
BRDA:6,0,0,1
BRDA:6,0,1,1
BRF:2
BRH:2
end_of_record
TN:
SF:/home/tyler/Projects/finance-sls-lambda-node-stripe/functions/stripe/deleteDiscount.js
FN:2,(anonymous_0)
FN:4,(anonymous_1)
FN:5,(anonymous_2)
FNF:3
FNH:3
FNDA:2,(anonymous_0)
FNDA:2,(anonymous_1)
FNDA:2,(anonymous_2)
DA:2,1
DA:3,2
DA:4,2
DA:5,2
DA:6,2
DA:7,1
DA:9,1
DA:14,1
DA:17,1
LF:9
LH:9
BRDA:6,0,0,1
BRDA:6,0,1,1
BRF:2
BRH:2
end_of_record
TN:
SF:/home/tyler/Projects/finance-sls-lambda-node-stripe/functions/stripe/deleteSource.js
FN:2,(anonymous_0)
FN:4,(anonymous_1)
FN:5,(anonymous_2)
FNF:3
FNH:3
FNDA:2,(anonymous_0)
FNDA:2,(anonymous_1)
FNDA:2,(anonymous_2)
DA:2,1
DA:3,2
DA:4,2
DA:5,2
DA:6,2
DA:7,1
DA:9,1
DA:14,1
DA:17,1
LF:9
LH:9
BRDA:6,0,0,1
BRDA:6,0,1,1
BRF:2
BRH:2
end_of_record
TN:
SF:/home/tyler/Projects/finance-sls-lambda-node-stripe/functions/stripe/deleteSubscription.js
FN:2,(anonymous_0)
FN:4,(anonymous_1)
FN:5,(anonymous_2)
FNF:3
FNH:3
FNDA:2,(anonymous_0)
FNDA:2,(anonymous_1)
FNDA:2,(anonymous_2)
DA:2,1
DA:3,2
DA:4,2
DA:5,2
DA:6,2
DA:7,1
DA:9,1
DA:14,1
DA:17,1
LF:9
LH:9
BRDA:6,0,0,1
BRDA:6,0,1,1
BRF:2
BRH:2
end_of_record
TN:
SF:/home/tyler/Projects/finance-sls-lambda-node-stripe/functions/stripe/getCustomer.js
FN:2,(anonymous_0)
FN:12,(anonymous_1)
FN:13,(anonymous_2)
FNF:3
FNH:3
FNDA:3,(anonymous_0)
FNDA:3,(anonymous_1)
FNDA:3,(anonymous_2)
DA:2,1
DA:3,3
DA:4,3
DA:5,3
DA:6,3
DA:7,3
DA:8,3
DA:9,3
DA:11,3
DA:12,3
DA:13,3
DA:14,3
DA:15,1
DA:17,2
DA:22,2
DA:23,2
DA:24,2
DA:25,2
DA:26,2
DA:28,2
DA:29,2
DA:30,2
DA:33,1
DA:36,2
LF:24
LH:24
BRDA:14,0,0,1
BRDA:14,0,1,2
BRDA:28,1,0,2
BRDA:28,1,1,0
BRF:4
BRH:3
end_of_record
TN:
SF:/home/tyler/Projects/finance-sls-lambda-node-stripe/functions/stripe/loadStripe.js
FN:8,(anonymous_0)
FNF:1
FNH:1
FNDA:3,(anonymous_0)
DA:1,1
DA:5,1
DA:8,1
DA:9,3
DA:10,3
DA:12,1
DA:13,1
DA:15,1
DA:17,0
DA:20,2
DA:23,1
LF:11
LH:10
BRDA:12,0,0,1
BRDA:12,0,1,0
BRDA:12,1,0,1
BRDA:12,1,1,1
BRF:4
BRH:3
end_of_record
TN:
SF:/home/tyler/Projects/finance-sls-lambda-node-stripe/handlers/customers/delete/handler.js
FN:8,(anonymous_0)
FNF:1
FNH:1
FNDA:3,(anonymous_0)
DA:1,1
DA:2,1
DA:3,1
DA:5,1
DA:8,1
DA:9,3
DA:11,3
DA:12,2
DA:13,2
DA:15,2
DA:17,1
DA:21,3
DA:23,3
DA:24,2
DA:25,2
DA:27,2
DA:29,1
DA:33,3
DA:35,3
DA:36,2
DA:39,3
DA:46,3
LF:22
LH:22
BRDA:11,0,0,2
BRDA:11,0,1,1
BRDA:23,1,0,2
BRDA:23,1,1,1
BRDA:35,2,0,2
BRDA:35,2,1,1
BRF:6
BRH:6
end_of_record
TN:
SF:/home/tyler/Projects/finance-sls-lambda-node-stripe/handlers/customers/get/handler.js
FN:9,(anonymous_0)
FNF:1
FNH:1
FNDA:4,(anonymous_0)
DA:1,1
DA:2,1
DA:3,1
DA:4,1
DA:6,1
DA:9,1
DA:10,4
DA:12,4
DA:13,2
DA:14,2
DA:16,1
DA:20,4
DA:22,4
DA:23,3
DA:24,3
DA:26,1
DA:30,4
DA:31,4
DA:32,4
DA:33,4
DA:35,4
DA:36,2
DA:37,2
DA:39,2
DA:41,1
DA:43,1
DA:44,1
DA:48,4
DA:50,4
DA:51,3
DA:54,4
DA:63,4
LF:32
LH:32
BRDA:12,0,0,2
BRDA:12,0,1,2
BRDA:22,1,0,3
BRDA:22,1,1,1
BRDA:35,2,0,2
BRDA:35,2,1,2
BRDA:50,3,0,3
BRDA:50,3,1,1
BRF:8
BRH:8
end_of_record
TN:
SF:/home/tyler/Projects/finance-sls-lambda-node-stripe/handlers/customers/post/handler.js
FN:12,(anonymous_0)
FNF:1
FNH:1
FNDA:13,(anonymous_0)
DA:1,1
DA:2,1
DA:3,1
DA:4,1
DA:5,1
DA:6,1
DA:7,1
DA:9,1
DA:12,1
DA:13,13
DA:15,13
DA:16,2
DA:17,2
DA:19,1
DA:23,13
DA:25,13
DA:26,1
DA:31,13
DA:32,1
DA:37,13
DA:38,1
DA:43,13
DA:44,1
DA:49,13
DA:50,1
DA:55,13
DA:56,1
DA:62,13
DA:63,13
DA:64,13
DA:66,13
DA:67,6
DA:68,6
DA:70,6
DA:72,1
DA:76,13
DA:77,4
DA:78,4
DA:80,4
DA:82,1
DA:86,13
DA:87,4
DA:88,4
DA:90,4
DA:92,3
DA:94,1
DA:98,13
DA:99,3
DA:100,3
DA:102,3
DA:104,1
DA:108,13
DA:109,2
DA:110,2
DA:112,2
DA:114,1
DA:118,13
DA:120,13
DA:121,12
DA:124,13
DA:131,13
LF:61
LH:61
BRDA:15,0,0,2
BRDA:15,0,1,11
BRDA:25,1,0,1
BRDA:25,1,1,12
BRDA:25,2,0,13
BRDA:25,2,1,12
BRDA:31,3,0,1
BRDA:31,3,1,12
BRDA:31,4,0,13
BRDA:31,4,1,11
BRDA:37,5,0,1
BRDA:37,5,1,12
BRDA:37,6,0,13
BRDA:37,6,1,10
BRDA:43,7,0,1
BRDA:43,7,1,12
BRDA:43,8,0,13
BRDA:43,8,1,9
BRDA:49,9,0,1
BRDA:49,9,1,12
BRDA:49,10,0,13
BRDA:49,10,1,8
BRDA:55,11,0,1
BRDA:55,11,1,12
BRDA:55,12,0,13
BRDA:55,12,1,7
BRDA:66,13,0,6
BRDA:66,13,1,7
BRDA:76,14,0,4
BRDA:76,14,1,9
BRDA:76,15,0,13
BRDA:76,15,1,5
BRDA:86,16,0,4
BRDA:86,16,1,9
BRDA:98,17,0,3
BRDA:98,17,1,10
BRDA:108,18,0,2
BRDA:108,18,1,11
BRDA:120,19,0,12
BRDA:120,19,1,1
BRF:40
BRH:40
end_of_record
TN:
SF:/home/tyler/Projects/finance-sls-lambda-node-stripe/handlers/customers/put/handler.js
FN:17,(anonymous_0)
FNF:1
FNH:1
FNDA:11,(anonymous_0)
DA:1,1
DA:2,1
DA:3,1
DA:4,1
DA:5,1
DA:6,1
DA:7,1
DA:8,1
DA:9,1
DA:10,1
DA:11,1
DA:13,1
DA:17,1
DA:18,11
DA:20,11
DA:21,2
DA:22,2
DA:24,1
DA:28,11
DA:30,11
DA:31,10
DA:32,10
DA:34,1
DA:38,11
DA:40,11
DA:41,11
DA:42,11
DA:43,11
DA:44,11
DA:46,11
DA:47,7
DA:48,7
DA:50,7
DA:52,1
DA:56,11
DA:57,6
DA:58,6
DA:60,6
DA:62,1
DA:66,11
DA:67,7
DA:68,7
DA:70,7
DA:74,6
DA:86,6
DA:87,0
DA:93,1
DA:97,11
DA:98,5
DA:99,5
DA:101,5
DA:103,1
DA:107,11
DA:108,3
DA:109,2
DA:110,2
DA:112,2
DA:114,1
DA:116,1
DA:117,1
DA:118,1
DA:120,1
DA:122,1
DA:127,11
DA:128,2
DA:129,2
DA:131,2
DA:133,1
DA:136,2
DA:137,1
DA:138,1
DA:140,1
DA:142,1
DA:147,11
DA:149,11
DA:150,10
DA:153,11
DA:160,11
LF:78
LH:77
BRDA:20,0,0,2
BRDA:20,0,1,9
BRDA:30,1,0,10
BRDA:30,1,1,1
BRDA:46,2,0,7
BRDA:46,2,1,4
BRDA:46,3,0,11
BRDA:46,3,1,9
BRDA:56,4,0,6
BRDA:56,4,1,5
BRDA:56,5,0,11
BRDA:56,5,1,8
BRDA:66,6,0,7
BRDA:66,6,1,4
BRDA:86,7,0,0
BRDA:86,7,1,6
BRDA:86,8,0,6
BRDA:86,8,1,6
BRDA:86,8,2,6
BRDA:97,9,0,5
BRDA:97,9,1,6
BRDA:97,10,0,11
BRDA:97,10,1,6
BRDA:97,10,2,1
BRDA:107,11,0,3
BRDA:107,11,1,8
BRDA:107,12,0,11
BRDA:107,12,1,5
BRDA:107,12,2,5
BRDA:108,13,0,2
BRDA:108,13,1,1
BRDA:116,14,0,1
BRDA:116,14,1,0
BRDA:116,15,0,1
BRDA:116,15,1,1
BRDA:116,15,2,1
BRDA:127,16,0,2
BRDA:127,16,1,9
BRDA:127,17,0,11
BRDA:127,17,1,3
BRDA:127,17,2,3
BRDA:136,18,0,1
BRDA:136,18,1,1
BRDA:149,19,0,10
BRDA:149,19,1,1
BRF:45
BRH:43
end_of_record
